{"/home/travis/build/npmtest/node-npmtest-cordova-sqlite-storage/test.js":{"path":"/home/travis/build/npmtest/node-npmtest-cordova-sqlite-storage/test.js","s":{"1":2,"2":2,"3":2,"4":2,"5":2,"6":2,"7":2,"8":1,"9":2,"10":2,"11":1,"12":1,"13":1,"14":1,"15":2,"16":2,"17":2,"18":2,"19":1,"20":1,"21":2,"22":2,"23":2,"24":1,"25":1,"26":1,"27":1,"28":1,"29":1,"30":1,"31":1,"32":1,"33":1,"34":1,"35":1,"36":1,"37":1,"38":1,"39":2,"40":2,"41":1,"42":2,"43":2,"44":1,"45":2,"46":2,"47":1,"48":2,"49":2,"50":1,"51":1,"52":1,"53":1,"54":1},"b":{"1":[2,1,1,1],"2":[1,1,1,1],"3":[1,1],"4":[1,1],"5":[1,1],"6":[1,1],"7":[1,1],"8":[1,1],"9":[1,1],"10":[1,1,1],"11":[1,1],"12":[1,1],"13":[1,1],"14":[1,1],"15":[1,1],"16":[1,1],"17":[1,1]},"f":{"1":2,"2":2,"3":2,"4":2,"5":2,"6":1,"7":1,"8":1,"9":2,"10":2,"11":2,"12":2,"13":1},"fnMap":{"1":{"name":"(anonymous_1)","line":12,"loc":{"start":{"line":12,"column":1},"end":{"line":12,"column":13}}},"2":{"name":"(anonymous_2)","line":19,"loc":{"start":{"line":19,"column":5},"end":{"line":19,"column":17}}},"3":{"name":"(anonymous_3)","line":23,"loc":{"start":{"line":23,"column":24},"end":{"line":23,"column":36}}},"4":{"name":"(anonymous_4)","line":61,"loc":{"start":{"line":61,"column":5},"end":{"line":61,"column":17}}},"5":{"name":"(anonymous_5)","line":82,"loc":{"start":{"line":82,"column":5},"end":{"line":82,"column":17}}},"6":{"name":"(anonymous_6)","line":91,"loc":{"start":{"line":91,"column":77},"end":{"line":94,"column":10}}},"7":{"name":"(anonymous_7)","line":112,"loc":{"start":{"line":112,"column":83},"end":{"line":115,"column":10}},"skip":true},"8":{"name":"(anonymous_8)","line":123,"loc":{"start":{"line":123,"column":77},"end":{"line":126,"column":10}},"skip":true},"9":{"name":"(anonymous_9)","line":139,"loc":{"start":{"line":139,"column":12},"end":{"line":139,"column":40}},"skip":true},"10":{"name":"(anonymous_10)","line":147,"loc":{"start":{"line":147,"column":77},"end":{"line":150,"column":10}},"skip":true},"11":{"name":"(anonymous_11)","line":158,"loc":{"start":{"line":158,"column":83},"end":{"line":161,"column":10}},"skip":true},"12":{"name":"(anonymous_12)","line":169,"loc":{"start":{"line":169,"column":79},"end":{"line":172,"column":10}},"skip":true},"13":{"name":"(anonymous_13)","line":180,"loc":{"start":{"line":180,"column":75},"end":{"line":183,"column":10}},"skip":true}},"statementMap":{"1":{"start":{"line":12,"column":0},"end":{"line":195,"column":5}},"2":{"start":{"line":14,"column":4},"end":{"line":14,"column":14}},"3":{"start":{"line":19,"column":4},"end":{"line":56,"column":9}},"4":{"start":{"line":21,"column":8},"end":{"line":21,"column":19}},"5":{"start":{"line":23,"column":8},"end":{"line":35,"column":13}},"6":{"start":{"line":24,"column":12},"end":{"line":34,"column":13}},"7":{"start":{"line":25,"column":16},"end":{"line":28,"column":30}},"8":{"start":{"line":30,"column":16},"end":{"line":33,"column":27}},"9":{"start":{"line":37,"column":8},"end":{"line":39,"column":21}},"10":{"start":{"line":40,"column":8},"end":{"line":53,"column":9}},"11":{"start":{"line":43,"column":12},"end":{"line":46,"column":14}},"12":{"start":{"line":47,"column":12},"end":{"line":47,"column":18}},"13":{"start":{"line":50,"column":12},"end":{"line":51,"column":46}},"14":{"start":{"line":52,"column":12},"end":{"line":52,"column":18}},"15":{"start":{"line":55,"column":8},"end":{"line":55,"column":35}},"16":{"start":{"line":61,"column":4},"end":{"line":63,"column":9}},"17":{"start":{"line":62,"column":8},"end":{"line":62,"column":15}},"18":{"start":{"line":64,"column":4},"end":{"line":77,"column":5}},"19":{"start":{"line":70,"column":8},"end":{"line":70,"column":14}},"20":{"start":{"line":76,"column":8},"end":{"line":76,"column":14}},"21":{"start":{"line":82,"column":4},"end":{"line":84,"column":9}},"22":{"start":{"line":83,"column":8},"end":{"line":83,"column":15}},"23":{"start":{"line":85,"column":4},"end":{"line":194,"column":5}},"24":{"start":{"line":91,"column":8},"end":{"line":99,"column":10}},"25":{"start":{"line":98,"column":12},"end":{"line":98,"column":35}},"26":{"start":{"line":102,"column":8},"end":{"line":104,"column":63}},"27":{"start":{"line":105,"column":8},"end":{"line":105,"column":14}},"28":{"start":{"line":112,"column":8},"end":{"line":121,"column":10},"skip":true},"29":{"start":{"line":119,"column":12},"end":{"line":119,"column":55},"skip":true},"30":{"start":{"line":120,"column":12},"end":{"line":120,"column":48},"skip":true},"31":{"start":{"line":123,"column":8},"end":{"line":136,"column":10},"skip":true},"32":{"start":{"line":130,"column":12},"end":{"line":130,"column":76},"skip":true},"33":{"start":{"line":131,"column":12},"end":{"line":131,"column":73},"skip":true},"34":{"start":{"line":132,"column":12},"end":{"line":132,"column":74},"skip":true},"35":{"start":{"line":133,"column":12},"end":{"line":133,"column":79},"skip":true},"36":{"start":{"line":134,"column":12},"end":{"line":134,"column":25},"skip":true},"37":{"start":{"line":135,"column":12},"end":{"line":135,"column":45},"skip":true},"38":{"start":{"line":138,"column":8},"end":{"line":145,"column":14},"skip":true},"39":{"start":{"line":143,"column":16},"end":{"line":143,"column":29},"skip":true},"40":{"start":{"line":144,"column":16},"end":{"line":144,"column":55},"skip":true},"41":{"start":{"line":147,"column":8},"end":{"line":156,"column":10},"skip":true},"42":{"start":{"line":154,"column":12},"end":{"line":154,"column":25},"skip":true},"43":{"start":{"line":155,"column":12},"end":{"line":155,"column":45},"skip":true},"44":{"start":{"line":158,"column":8},"end":{"line":167,"column":10},"skip":true},"45":{"start":{"line":165,"column":12},"end":{"line":165,"column":25},"skip":true},"46":{"start":{"line":166,"column":12},"end":{"line":166,"column":48},"skip":true},"47":{"start":{"line":169,"column":8},"end":{"line":178,"column":10},"skip":true},"48":{"start":{"line":176,"column":12},"end":{"line":176,"column":25},"skip":true},"49":{"start":{"line":177,"column":12},"end":{"line":177,"column":46},"skip":true},"50":{"start":{"line":180,"column":8},"end":{"line":189,"column":10},"skip":true},"51":{"start":{"line":187,"column":12},"end":{"line":187,"column":94},"skip":true},"52":{"start":{"line":188,"column":12},"end":{"line":188,"column":48},"skip":true},"53":{"start":{"line":192,"column":8},"end":{"line":192,"column":35},"skip":true},"54":{"start":{"line":193,"column":8},"end":{"line":193,"column":14},"skip":true}},"branchMap":{"1":{"line":25,"type":"binary-expr","locations":[{"start":{"line":25,"column":23},"end":{"line":25,"column":62}},{"start":{"line":26,"column":20},"end":{"line":26,"column":70}},{"start":{"line":27,"column":20},"end":{"line":27,"column":71}},{"start":{"line":28,"column":20},"end":{"line":28,"column":29}}]},"2":{"line":30,"type":"binary-expr","locations":[{"start":{"line":30,"column":23},"end":{"line":30,"column":37}},{"start":{"line":31,"column":20},"end":{"line":31,"column":61}},{"start":{"line":32,"column":20},"end":{"line":32,"column":70}},{"start":{"line":33,"column":20},"end":{"line":33,"column":26}}]},"3":{"line":37,"type":"cond-expr","locations":[{"start":{"line":38,"column":14},"end":{"line":38,"column":20}},{"start":{"line":39,"column":14},"end":{"line":39,"column":20}}]},"4":{"line":40,"type":"switch","locations":[{"start":{"line":42,"column":8},"end":{"line":47,"column":18}},{"start":{"line":49,"column":8},"end":{"line":52,"column":18}}]},"5":{"line":44,"type":"binary-expr","locations":[{"start":{"line":44,"column":16},"end":{"line":44,"column":44}},{"start":{"line":44,"column":48},"end":{"line":44,"column":66}}]},"6":{"line":50,"type":"binary-expr","locations":[{"start":{"line":50,"column":21},"end":{"line":50,"column":49}},{"start":{"line":50,"column":53},"end":{"line":50,"column":72}}]},"7":{"line":64,"type":"switch","locations":[{"start":{"line":69,"column":4},"end":{"line":70,"column":14}},{"start":{"line":75,"column":4},"end":{"line":76,"column":14}}]},"8":{"line":85,"type":"switch","locations":[{"start":{"line":90,"column":4},"end":{"line":105,"column":14}},{"start":{"line":111,"column":4},"end":{"line":193,"column":14},"skip":true}]},"9":{"line":91,"type":"binary-expr","locations":[{"start":{"line":91,"column":42},"end":{"line":91,"column":73}},{"start":{"line":91,"column":77},"end":{"line":99,"column":9}}]},"10":{"line":102,"type":"binary-expr","locations":[{"start":{"line":102,"column":18},"end":{"line":102,"column":32}},{"start":{"line":103,"column":12},"end":{"line":103,"column":53}},{"start":{"line":104,"column":12},"end":{"line":104,"column":61}}]},"11":{"line":112,"type":"binary-expr","locations":[{"start":{"line":112,"column":45},"end":{"line":112,"column":79},"skip":true},{"start":{"line":112,"column":83},"end":{"line":121,"column":9},"skip":true}]},"12":{"line":123,"type":"binary-expr","locations":[{"start":{"line":123,"column":42},"end":{"line":123,"column":73},"skip":true},{"start":{"line":123,"column":77},"end":{"line":136,"column":9},"skip":true}]},"13":{"line":138,"type":"binary-expr","locations":[{"start":{"line":138,"column":48},"end":{"line":138,"column":85},"skip":true},{"start":{"line":139,"column":12},"end":{"line":145,"column":13},"skip":true}]},"14":{"line":147,"type":"binary-expr","locations":[{"start":{"line":147,"column":42},"end":{"line":147,"column":73},"skip":true},{"start":{"line":147,"column":77},"end":{"line":156,"column":9},"skip":true}]},"15":{"line":158,"type":"binary-expr","locations":[{"start":{"line":158,"column":45},"end":{"line":158,"column":79},"skip":true},{"start":{"line":158,"column":83},"end":{"line":167,"column":9},"skip":true}]},"16":{"line":169,"type":"binary-expr","locations":[{"start":{"line":169,"column":43},"end":{"line":169,"column":75},"skip":true},{"start":{"line":169,"column":79},"end":{"line":178,"column":9},"skip":true}]},"17":{"line":180,"type":"binary-expr","locations":[{"start":{"line":180,"column":41},"end":{"line":180,"column":71},"skip":true},{"start":{"line":180,"column":75},"end":{"line":189,"column":9},"skip":true}]}},"code":["/* istanbul instrument in package npmtest_cordova_sqlite_storage */","/*jslint","    bitwise: true,","    browser: true,","    maxerr: 8,","    maxlen: 96,","    node: true,","    nomen: true,","    regexp: true,","    stupid: true","*/","(function () {","    'use strict';","    var local;","","","","    // run shared js-env code - pre-init","    (function () {","        // init local","        local = {};","        // init modeJs","        local.modeJs = (function () {","            try {","                return typeof navigator.userAgent === 'string' &&","                    typeof document.querySelector('body') === 'object' &&","                    typeof XMLHttpRequest.prototype.open === 'function' &&","                    'browser';","            } catch (errorCaughtBrowser) {","                return module.exports &&","                    typeof process.versions.node === 'string' &&","                    typeof require('http').createServer === 'function' &&","                    'node';","            }","        }());","        // init global","        local.global = local.modeJs === 'browser'","            ? window","            : global;","        switch (local.modeJs) {","        // re-init local from window.local","        case 'browser':","            local = local.global.utility2.objectSetDefault(","                local.global.utility2_rollup || local.global.local,","                local.global.utility2","            );","            break;","        // re-init local from example.js","        case 'node':","            local = (local.global.utility2_rollup || require('utility2'))","                .requireExampleJsFromReadme();","            break;","        }","        // export local","        local.global.local = local;","    }());","","","","    // run shared js-env code - function","    (function () {","        return;","    }());","    switch (local.modeJs) {","","","","    // run browser js-env code - function","    case 'browser':","        break;","","","","    // run node js-env code - function","    case 'node':","        break;","    }","","","","    // run shared js-env code - post-init","    (function () {","        return;","    }());","    switch (local.modeJs) {","","","","    // run browser js-env code - post-init","    case 'browser':","        local.testCase_browser_nullCase = local.testCase_browser_nullCase || function (","            options,","            onError","        ) {","        /*","         * this function will test browsers's null-case handling-behavior-behavior","         */","            onError(null, options);","        };","","        // run tests","        local.nop(local.modeTest &&","            document.querySelector('#testRunButton1') &&","            document.querySelector('#testRunButton1').click());","        break;","","","","    // run node js-env code - post-init","    /* istanbul ignore next */","    case 'node':","        local.testCase_buildApidoc_default = local.testCase_buildApidoc_default || function (","            options,","            onError","        ) {","        /*","         * this function will test buildApidoc's default handling-behavior-behavior","         */","            options = { modulePathList: module.paths };","            local.buildApidoc(options, onError);","        };","","        local.testCase_buildApp_default = local.testCase_buildApp_default || function (","            options,","            onError","        ) {","        /*","         * this function will test buildApp's default handling-behavior-behavior","         */","            local.testCase_buildReadme_default(options, local.onErrorThrow);","            local.testCase_buildLib_default(options, local.onErrorThrow);","            local.testCase_buildTest_default(options, local.onErrorThrow);","            local.testCase_buildCustomOrg_default(options, local.onErrorThrow);","            options = [];","            local.buildApp(options, onError);","        };","","        local.testCase_buildCustomOrg_default = local.testCase_buildCustomOrg_default ||","            function (options, onError) {","            /*","             * this function will test buildCustomOrg's default handling-behavior","             */","                options = {};","                local.buildCustomOrg(options, onError);","            };","","        local.testCase_buildLib_default = local.testCase_buildLib_default || function (","            options,","            onError","        ) {","        /*","         * this function will test buildLib's default handling-behavior","         */","            options = {};","            local.buildLib(options, onError);","        };","","        local.testCase_buildReadme_default = local.testCase_buildReadme_default || function (","            options,","            onError","        ) {","        /*","         * this function will test buildReadme's default handling-behavior-behavior","         */","            options = {};","            local.buildReadme(options, onError);","        };","","        local.testCase_buildTest_default = local.testCase_buildTest_default || function (","            options,","            onError","        ) {","        /*","         * this function will test buildTest's default handling-behavior","         */","            options = {};","            local.buildTest(options, onError);","        };","","        local.testCase_webpage_default = local.testCase_webpage_default || function (","            options,","            onError","        ) {","        /*","         * this function will test webpage's default handling-behavior","         */","            options = { modeCoverageMerge: true, url: local.serverLocalHost + '?modeTest=1' };","            local.browserTest(options, onError);","        };","","        // run test-server","        local.testRunServer(local);","        break;","    }","}());",""],"l":{"12":2,"14":2,"19":2,"21":2,"23":2,"24":2,"25":2,"30":1,"37":2,"40":2,"43":1,"47":1,"50":1,"52":1,"55":2,"61":2,"62":2,"64":2,"70":1,"76":1,"82":2,"83":2,"85":2,"91":1,"98":1,"102":1,"105":1,"112":1,"119":1,"120":1,"123":1,"130":1,"131":1,"132":1,"133":1,"134":1,"135":1,"138":1,"143":2,"144":2,"147":1,"154":2,"155":2,"158":1,"165":2,"166":2,"169":1,"176":2,"177":2,"180":1,"187":1,"188":1,"192":1,"193":1}},"/home/travis/build/npmtest/node-npmtest-cordova-sqlite-storage/lib.npmtest_cordova_sqlite_storage.js":{"path":"/home/travis/build/npmtest/node-npmtest-cordova-sqlite-storage/lib.npmtest_cordova_sqlite_storage.js","s":{"1":2,"2":2,"3":2,"4":2,"5":2,"6":2,"7":2,"8":1,"9":2,"10":2,"11":2,"12":2,"13":1,"14":1,"15":1,"16":1},"b":{"1":[2,1,1,1],"2":[1,1,1,1],"3":[1,1],"4":[2,2],"5":[1,1]},"f":{"1":2,"2":2,"3":2},"fnMap":{"1":{"name":"(anonymous_1)","line":12,"loc":{"start":{"line":12,"column":1},"end":{"line":12,"column":13}}},"2":{"name":"(anonymous_2)","line":19,"loc":{"start":{"line":19,"column":5},"end":{"line":19,"column":17}}},"3":{"name":"(anonymous_3)","line":23,"loc":{"start":{"line":23,"column":24},"end":{"line":23,"column":36}}}},"statementMap":{"1":{"start":{"line":12,"column":0},"end":{"line":53,"column":5}},"2":{"start":{"line":14,"column":4},"end":{"line":14,"column":14}},"3":{"start":{"line":19,"column":4},"end":{"line":52,"column":9}},"4":{"start":{"line":21,"column":8},"end":{"line":21,"column":19}},"5":{"start":{"line":23,"column":8},"end":{"line":35,"column":13}},"6":{"start":{"line":24,"column":12},"end":{"line":34,"column":13}},"7":{"start":{"line":25,"column":16},"end":{"line":28,"column":30}},"8":{"start":{"line":30,"column":16},"end":{"line":33,"column":27}},"9":{"start":{"line":37,"column":8},"end":{"line":39,"column":21}},"10":{"start":{"line":41,"column":8},"end":{"line":41,"column":54}},"11":{"start":{"line":43,"column":8},"end":{"line":43,"column":67}},"12":{"start":{"line":45,"column":8},"end":{"line":51,"column":9}},"13":{"start":{"line":46,"column":12},"end":{"line":46,"column":73}},"14":{"start":{"line":48,"column":12},"end":{"line":48,"column":35}},"15":{"start":{"line":49,"column":12},"end":{"line":49,"column":49}},"16":{"start":{"line":50,"column":12},"end":{"line":50,"column":43}}},"branchMap":{"1":{"line":25,"type":"binary-expr","locations":[{"start":{"line":25,"column":23},"end":{"line":25,"column":62}},{"start":{"line":26,"column":20},"end":{"line":26,"column":70}},{"start":{"line":27,"column":20},"end":{"line":27,"column":71}},{"start":{"line":28,"column":20},"end":{"line":28,"column":29}}]},"2":{"line":30,"type":"binary-expr","locations":[{"start":{"line":30,"column":23},"end":{"line":30,"column":37}},{"start":{"line":31,"column":20},"end":{"line":31,"column":61}},{"start":{"line":32,"column":20},"end":{"line":32,"column":70}},{"start":{"line":33,"column":20},"end":{"line":33,"column":26}}]},"3":{"line":37,"type":"cond-expr","locations":[{"start":{"line":38,"column":14},"end":{"line":38,"column":20}},{"start":{"line":39,"column":14},"end":{"line":39,"column":20}}]},"4":{"line":41,"type":"binary-expr","locations":[{"start":{"line":41,"column":16},"end":{"line":41,"column":44}},{"start":{"line":41,"column":48},"end":{"line":41,"column":53}}]},"5":{"line":45,"type":"if","locations":[{"start":{"line":45,"column":8},"end":{"line":45,"column":8}},{"start":{"line":45,"column":8},"end":{"line":45,"column":8}}]}},"code":["/* istanbul instrument in package npmtest_cordova_sqlite_storage */","/*jslint","    bitwise: true,","    browser: true,","    maxerr: 8,","    maxlen: 96,","    node: true,","    nomen: true,","    regexp: true,","    stupid: true","*/","(function () {","    'use strict';","    var local;","","","","    // run shared js-env code - pre-init","    (function () {","        // init local","        local = {};","        // init modeJs","        local.modeJs = (function () {","            try {","                return typeof navigator.userAgent === 'string' &&","                    typeof document.querySelector('body') === 'object' &&","                    typeof XMLHttpRequest.prototype.open === 'function' &&","                    'browser';","            } catch (errorCaughtBrowser) {","                return module.exports &&","                    typeof process.versions.node === 'string' &&","                    typeof require('http').createServer === 'function' &&","                    'node';","            }","        }());","        // init global","        local.global = local.modeJs === 'browser'","            ? window","            : global;","        // init utility2_rollup","        local = local.global.utility2_rollup || local;","        // init lib","        local.local = local.npmtest_cordova_sqlite_storage = local;","        // init exports","        if (local.modeJs === 'browser') {","            local.global.utility2_npmtest_cordova_sqlite_storage = local;","        } else {","            module.exports = local;","            module.exports.__dirname = __dirname;","            module.exports.module = module;","        }","    }());","}());",""],"l":{"12":2,"14":2,"19":2,"21":2,"23":2,"24":2,"25":2,"30":1,"37":2,"41":2,"43":2,"45":2,"46":1,"48":1,"49":1,"50":1}},"/home/travis/build/npmtest/node-npmtest-cordova-sqlite-storage/example.js":{"path":"/home/travis/build/npmtest/node-npmtest-cordova-sqlite-storage/example.js","s":{"1":2,"2":2,"3":2,"4":2,"5":2,"6":2,"7":2,"8":1,"9":2,"10":2,"11":2,"12":2,"13":1,"14":2,"15":2,"16":2,"17":2,"18":2,"19":0,"20":2,"21":1,"22":1,"23":1,"24":1,"25":1,"26":0,"27":0,"28":1,"29":1,"30":2,"31":0,"32":0,"33":0,"34":1,"35":2,"36":2,"37":3,"38":3,"39":3,"40":3,"41":0,"42":3,"43":3,"44":3,"45":1,"46":3,"47":1,"48":1,"49":1,"50":1,"51":1,"52":1,"53":1,"54":1,"55":1,"56":1,"57":0,"58":1,"59":6,"60":6,"61":1,"62":2,"63":0,"64":2,"65":1,"66":1,"67":0,"68":0,"69":0,"70":0,"71":0,"72":0,"73":0,"74":0,"75":0,"76":0,"77":0,"78":0,"79":0,"80":0,"81":0,"82":0,"83":0},"b":{"1":[2,1,1,1],"2":[1,1,1,1],"3":[1,1],"4":[2,2],"5":[1,1],"6":[1,1],"7":[2,0],"8":[2,1,1,1,1,1],"9":[0,2,0],"10":[1,1],"11":[2,1,1],"12":[1,0],"13":[0,2],"14":[2,0,0,0,0,0,0],"15":[0,3],"16":[3,0],"17":[1,1],"18":[0,1],"19":[1,2,0,2],"20":[1,0],"21":[1,1],"22":[0,0],"23":[0,0],"24":[0,0],"25":[0,0],"26":[0,0],"27":[0,0],"28":[0,0]},"f":{"1":2,"2":2,"3":2,"4":2,"5":2,"6":2,"7":3,"8":3,"9":3,"10":1,"11":6,"12":0},"fnMap":{"1":{"name":"(anonymous_1)","line":26,"loc":{"start":{"line":26,"column":1},"end":{"line":26,"column":13}}},"2":{"name":"(anonymous_2)","line":33,"loc":{"start":{"line":33,"column":5},"end":{"line":33,"column":17}}},"3":{"name":"(anonymous_3)","line":37,"loc":{"start":{"line":37,"column":24},"end":{"line":37,"column":36}}},"4":{"name":"(anonymous_4)","line":69,"loc":{"start":{"line":69,"column":31},"end":{"line":69,"column":48}},"skip":true},"5":{"name":"(anonymous_5)","line":78,"loc":{"start":{"line":78,"column":26},"end":{"line":78,"column":45}},"skip":true},"6":{"name":"(anonymous_6)","line":123,"loc":{"start":{"line":123,"column":33},"end":{"line":123,"column":48}},"skip":true},"7":{"name":"(anonymous_7)","line":125,"loc":{"start":{"line":125,"column":27},"end":{"line":125,"column":39}},"skip":true},"8":{"name":"(anonymous_8)","line":133,"loc":{"start":{"line":133,"column":59},"end":{"line":133,"column":74}},"skip":true},"9":{"name":"(anonymous_9)","line":143,"loc":{"start":{"line":143,"column":45},"end":{"line":143,"column":62}},"skip":true},"10":{"name":"(anonymous_10)","line":144,"loc":{"start":{"line":144,"column":73},"end":{"line":144,"column":92}},"skip":true},"11":{"name":"(anonymous_11)","line":272,"loc":{"start":{"line":272,"column":51},"end":{"line":272,"column":77}},"skip":true},"12":{"name":"(anonymous_12)","line":315,"loc":{"start":{"line":315,"column":32},"end":{"line":315,"column":61}},"skip":true}},"statementMap":{"1":{"start":{"line":26,"column":0},"end":{"line":326,"column":5}},"2":{"start":{"line":28,"column":4},"end":{"line":28,"column":14}},"3":{"start":{"line":33,"column":4},"end":{"line":60,"column":9}},"4":{"start":{"line":35,"column":8},"end":{"line":35,"column":19}},"5":{"start":{"line":37,"column":8},"end":{"line":49,"column":13}},"6":{"start":{"line":38,"column":12},"end":{"line":48,"column":13}},"7":{"start":{"line":39,"column":16},"end":{"line":42,"column":30}},"8":{"start":{"line":44,"column":16},"end":{"line":47,"column":27}},"9":{"start":{"line":51,"column":8},"end":{"line":53,"column":21}},"10":{"start":{"line":55,"column":8},"end":{"line":57,"column":45}},"11":{"start":{"line":59,"column":8},"end":{"line":59,"column":35}},"12":{"start":{"line":61,"column":4},"end":{"line":325,"column":5}},"13":{"start":{"line":69,"column":8},"end":{"line":121,"column":10},"skip":true},"14":{"start":{"line":70,"column":12},"end":{"line":88,"column":13},"skip":true},"15":{"start":{"line":76,"column":16},"end":{"line":87,"column":19},"skip":true},"16":{"start":{"line":79,"column":20},"end":{"line":86,"column":21},"skip":true},"17":{"start":{"line":82,"column":24},"end":{"line":82,"column":43},"skip":true},"18":{"start":{"line":83,"column":24},"end":{"line":83,"column":30},"skip":true},"19":{"start":{"line":85,"column":24},"end":{"line":85,"column":49},"skip":true},"20":{"start":{"line":89,"column":12},"end":{"line":107,"column":13},"skip":true},"21":{"start":{"line":92,"column":16},"end":{"line":102,"column":17},"skip":true},"22":{"start":{"line":93,"column":20},"end":{"line":93,"column":86},"skip":true},"23":{"start":{"line":94,"column":20},"end":{"line":95,"column":45},"skip":true},"24":{"start":{"line":96,"column":20},"end":{"line":96,"column":42},"skip":true},"25":{"start":{"line":97,"column":20},"end":{"line":97,"column":48},"skip":true},"26":{"start":{"line":100,"column":20},"end":{"line":100,"column":85},"skip":true},"27":{"start":{"line":101,"column":20},"end":{"line":101,"column":96},"skip":true},"28":{"start":{"line":103,"column":16},"end":{"line":103,"column":22},"skip":true},"29":{"start":{"line":106,"column":16},"end":{"line":106,"column":22},"skip":true},"30":{"start":{"line":108,"column":12},"end":{"line":120,"column":13},"skip":true},"31":{"start":{"line":114,"column":16},"end":{"line":119,"column":17},"skip":true},"32":{"start":{"line":116,"column":20},"end":{"line":116,"column":78},"skip":true},"33":{"start":{"line":118,"column":20},"end":{"line":118,"column":47},"skip":true},"34":{"start":{"line":123,"column":8},"end":{"line":141,"column":11},"skip":true},"35":{"start":{"line":124,"column":12},"end":{"line":124,"column":54},"skip":true},"36":{"start":{"line":125,"column":12},"end":{"line":140,"column":14},"skip":true},"37":{"start":{"line":126,"column":16},"end":{"line":126,"column":28},"skip":true},"38":{"start":{"line":127,"column":16},"end":{"line":127,"column":69},"skip":true},"39":{"start":{"line":128,"column":16},"end":{"line":128,"column":75},"skip":true},"40":{"start":{"line":129,"column":16},"end":{"line":131,"column":17},"skip":true},"41":{"start":{"line":130,"column":20},"end":{"line":130,"column":27},"skip":true},"42":{"start":{"line":133,"column":16},"end":{"line":137,"column":36},"skip":true},"43":{"start":{"line":134,"column":20},"end":{"line":136,"column":55},"skip":true},"44":{"start":{"line":139,"column":16},"end":{"line":139,"column":57},"skip":true},"45":{"start":{"line":143,"column":8},"end":{"line":147,"column":11},"skip":true},"46":{"start":{"line":144,"column":12},"end":{"line":146,"column":15},"skip":true},"47":{"start":{"line":145,"column":16},"end":{"line":145,"column":70},"skip":true},"48":{"start":{"line":149,"column":8},"end":{"line":149,"column":31},"skip":true},"49":{"start":{"line":150,"column":8},"end":{"line":150,"column":14},"skip":true},"50":{"start":{"line":158,"column":8},"end":{"line":158,"column":31},"skip":true},"51":{"start":{"line":160,"column":8},"end":{"line":160,"column":33},"skip":true},"52":{"start":{"line":161,"column":8},"end":{"line":161,"column":37},"skip":true},"53":{"start":{"line":162,"column":8},"end":{"line":162,"column":35},"skip":true},"54":{"start":{"line":164,"column":8},"end":{"line":164,"column":50},"skip":true},"55":{"start":{"line":166,"column":8},"end":{"line":256,"column":2},"skip":true},"56":{"start":{"line":258,"column":8},"end":{"line":286,"column":9},"skip":true},"57":{"start":{"line":259,"column":12},"end":{"line":269,"column":14},"skip":true},"58":{"start":{"line":271,"column":12},"end":{"line":285,"column":19},"skip":true},"59":{"start":{"line":274,"column":20},"end":{"line":274,"column":35},"skip":true},"60":{"start":{"line":275,"column":20},"end":{"line":284,"column":21},"skip":true},"61":{"start":{"line":277,"column":24},"end":{"line":277,"column":64},"skip":true},"62":{"start":{"line":279,"column":24},"end":{"line":279,"column":40},"skip":true},"63":{"start":{"line":281,"column":24},"end":{"line":281,"column":40},"skip":true},"64":{"start":{"line":283,"column":24},"end":{"line":283,"column":39},"skip":true},"65":{"start":{"line":288,"column":8},"end":{"line":290,"column":9},"skip":true},"66":{"start":{"line":289,"column":12},"end":{"line":289,"column":18},"skip":true},"67":{"start":{"line":291,"column":8},"end":{"line":293,"column":54},"skip":true},"68":{"start":{"line":296,"column":8},"end":{"line":301,"column":37},"skip":true},"69":{"start":{"line":303,"column":8},"end":{"line":303,"column":82},"skip":true},"70":{"start":{"line":306,"column":8},"end":{"line":308,"column":9},"skip":true},"71":{"start":{"line":307,"column":12},"end":{"line":307,"column":82},"skip":true},"72":{"start":{"line":310,"column":8},"end":{"line":312,"column":9},"skip":true},"73":{"start":{"line":311,"column":12},"end":{"line":311,"column":18},"skip":true},"74":{"start":{"line":313,"column":8},"end":{"line":313,"column":54},"skip":true},"75":{"start":{"line":314,"column":8},"end":{"line":314,"column":69},"skip":true},"76":{"start":{"line":315,"column":8},"end":{"line":323,"column":36},"skip":true},"77":{"start":{"line":316,"column":12},"end":{"line":316,"column":61},"skip":true},"78":{"start":{"line":317,"column":12},"end":{"line":320,"column":13},"skip":true},"79":{"start":{"line":318,"column":16},"end":{"line":318,"column":75},"skip":true},"80":{"start":{"line":319,"column":16},"end":{"line":319,"column":23},"skip":true},"81":{"start":{"line":321,"column":12},"end":{"line":321,"column":38},"skip":true},"82":{"start":{"line":322,"column":12},"end":{"line":322,"column":27},"skip":true},"83":{"start":{"line":324,"column":8},"end":{"line":324,"column":14},"skip":true}},"branchMap":{"1":{"line":39,"type":"binary-expr","locations":[{"start":{"line":39,"column":23},"end":{"line":39,"column":62}},{"start":{"line":40,"column":20},"end":{"line":40,"column":70}},{"start":{"line":41,"column":20},"end":{"line":41,"column":71}},{"start":{"line":42,"column":20},"end":{"line":42,"column":29}}]},"2":{"line":44,"type":"binary-expr","locations":[{"start":{"line":44,"column":23},"end":{"line":44,"column":37}},{"start":{"line":45,"column":20},"end":{"line":45,"column":61}},{"start":{"line":46,"column":20},"end":{"line":46,"column":70}},{"start":{"line":47,"column":20},"end":{"line":47,"column":26}}]},"3":{"line":51,"type":"cond-expr","locations":[{"start":{"line":52,"column":14},"end":{"line":52,"column":20}},{"start":{"line":53,"column":14},"end":{"line":53,"column":20}}]},"4":{"line":55,"type":"binary-expr","locations":[{"start":{"line":55,"column":16},"end":{"line":55,"column":44}},{"start":{"line":55,"column":49},"end":{"line":57,"column":43}}]},"5":{"line":55,"type":"cond-expr","locations":[{"start":{"line":56,"column":14},"end":{"line":56,"column":66}},{"start":{"line":57,"column":14},"end":{"line":57,"column":43}}]},"6":{"line":61,"type":"switch","locations":[{"start":{"line":68,"column":4},"end":{"line":150,"column":14},"skip":true},{"start":{"line":156,"column":4},"end":{"line":324,"column":14},"skip":true}]},"7":{"line":70,"type":"if","locations":[{"start":{"line":70,"column":12},"end":{"line":70,"column":12},"skip":true},{"start":{"line":70,"column":12},"end":{"line":70,"column":12},"skip":true}]},"8":{"line":70,"type":"binary-expr","locations":[{"start":{"line":70,"column":16},"end":{"line":70,"column":22},"skip":true},{"start":{"line":70,"column":27},"end":{"line":70,"column":32},"skip":true},{"start":{"line":71,"column":20},"end":{"line":71,"column":39},"skip":true},{"start":{"line":72,"column":20},"end":{"line":72,"column":49},"skip":true},{"start":{"line":73,"column":20},"end":{"line":73,"column":58},"skip":true},{"start":{"line":74,"column":20},"end":{"line":74,"column":69},"skip":true}]},"9":{"line":79,"type":"switch","locations":[{"start":{"line":80,"column":20},"end":{"line":80,"column":33},"skip":true},{"start":{"line":81,"column":20},"end":{"line":83,"column":30},"skip":true},{"start":{"line":84,"column":20},"end":{"line":85,"column":49},"skip":true}]},"10":{"line":89,"type":"switch","locations":[{"start":{"line":90,"column":12},"end":{"line":103,"column":22},"skip":true},{"start":{"line":105,"column":12},"end":{"line":106,"column":22},"skip":true}]},"11":{"line":89,"type":"binary-expr","locations":[{"start":{"line":89,"column":20},"end":{"line":89,"column":25},"skip":true},{"start":{"line":89,"column":29},"end":{"line":89,"column":48},"skip":true},{"start":{"line":89,"column":52},"end":{"line":89,"column":74},"skip":true}]},"12":{"line":92,"type":"if","locations":[{"start":{"line":92,"column":16},"end":{"line":92,"column":16},"skip":true},{"start":{"line":92,"column":16},"end":{"line":92,"column":16},"skip":true}]},"13":{"line":108,"type":"if","locations":[{"start":{"line":108,"column":12},"end":{"line":108,"column":12},"skip":true},{"start":{"line":108,"column":12},"end":{"line":108,"column":12},"skip":true}]},"14":{"line":108,"type":"binary-expr","locations":[{"start":{"line":108,"column":16},"end":{"line":108,"column":61},"skip":true},{"start":{"line":108,"column":66},"end":{"line":108,"column":72},"skip":true},{"start":{"line":108,"column":77},"end":{"line":108,"column":82},"skip":true},{"start":{"line":109,"column":20},"end":{"line":109,"column":39},"skip":true},{"start":{"line":110,"column":20},"end":{"line":110,"column":49},"skip":true},{"start":{"line":111,"column":20},"end":{"line":111,"column":58},"skip":true},{"start":{"line":112,"column":20},"end":{"line":112,"column":68},"skip":true}]},"15":{"line":129,"type":"if","locations":[{"start":{"line":129,"column":16},"end":{"line":129,"column":16},"skip":true},{"start":{"line":129,"column":16},"end":{"line":129,"column":16},"skip":true}]},"16":{"line":134,"type":"cond-expr","locations":[{"start":{"line":135,"column":26},"end":{"line":135,"column":29},"skip":true},{"start":{"line":136,"column":26},"end":{"line":136,"column":54},"skip":true}]},"17":{"line":164,"type":"binary-expr","locations":[{"start":{"line":164,"column":27},"end":{"line":164,"column":43},"skip":true},{"start":{"line":164,"column":47},"end":{"line":164,"column":49},"skip":true}]},"18":{"line":258,"type":"if","locations":[{"start":{"line":258,"column":8},"end":{"line":258,"column":8},"skip":true},{"start":{"line":258,"column":8},"end":{"line":258,"column":8},"skip":true}]},"19":{"line":275,"type":"switch","locations":[{"start":{"line":276,"column":20},"end":{"line":277,"column":64},"skip":true},{"start":{"line":278,"column":20},"end":{"line":279,"column":40},"skip":true},{"start":{"line":280,"column":20},"end":{"line":281,"column":40},"skip":true},{"start":{"line":282,"column":20},"end":{"line":283,"column":39},"skip":true}]},"20":{"line":288,"type":"if","locations":[{"start":{"line":288,"column":8},"end":{"line":288,"column":8},"skip":true},{"start":{"line":288,"column":8},"end":{"line":288,"column":8},"skip":true}]},"21":{"line":288,"type":"binary-expr","locations":[{"start":{"line":288,"column":12},"end":{"line":288,"column":40},"skip":true},{"start":{"line":288,"column":44},"end":{"line":288,"column":67},"skip":true}]},"22":{"line":292,"type":"binary-expr","locations":[{"start":{"line":292,"column":12},"end":{"line":292,"column":50},"skip":true},{"start":{"line":293,"column":12},"end":{"line":293,"column":53},"skip":true}]},"23":{"line":297,"type":"binary-expr","locations":[{"start":{"line":297,"column":12},"end":{"line":297,"column":80},"skip":true},{"start":{"line":298,"column":12},"end":{"line":301,"column":36},"skip":true}]},"24":{"line":303,"type":"binary-expr","locations":[{"start":{"line":303,"column":43},"end":{"line":303,"column":75},"skip":true},{"start":{"line":303,"column":79},"end":{"line":303,"column":81},"skip":true}]},"25":{"line":306,"type":"if","locations":[{"start":{"line":306,"column":8},"end":{"line":306,"column":8},"skip":true},{"start":{"line":306,"column":8},"end":{"line":306,"column":8},"skip":true}]},"26":{"line":310,"type":"if","locations":[{"start":{"line":310,"column":8},"end":{"line":310,"column":8},"skip":true},{"start":{"line":310,"column":8},"end":{"line":310,"column":8},"skip":true}]},"27":{"line":313,"type":"binary-expr","locations":[{"start":{"line":313,"column":27},"end":{"line":313,"column":43},"skip":true},{"start":{"line":313,"column":47},"end":{"line":313,"column":53},"skip":true}]},"28":{"line":317,"type":"if","locations":[{"start":{"line":317,"column":12},"end":{"line":317,"column":12},"skip":true},{"start":{"line":317,"column":12},"end":{"line":317,"column":12},"skip":true}]}},"code":["/*","example.js","","quickstart example","","instruction","    1. save this script as example.js","    2. run the shell command:","        $ npm install npmtest-cordova-sqlite-storage && PORT=8081 node example.js","    3. play with the browser-demo on http://127.0.0.1:8081","*/","","","","/* istanbul instrument in package npmtest_cordova_sqlite_storage */","/*jslint","    bitwise: true,","    browser: true,","    maxerr: 8,","    maxlen: 96,","    node: true,","    nomen: true,","    regexp: true,","    stupid: true","*/","(function () {","    'use strict';","    var local;","","","","    // run shared js-env code - pre-init","    (function () {","        // init local","        local = {};","        // init modeJs","        local.modeJs = (function () {","            try {","                return typeof navigator.userAgent === 'string' &&","                    typeof document.querySelector('body') === 'object' &&","                    typeof XMLHttpRequest.prototype.open === 'function' &&","                    'browser';","            } catch (errorCaughtBrowser) {","                return module.exports &&","                    typeof process.versions.node === 'string' &&","                    typeof require('http').createServer === 'function' &&","                    'node';","            }","        }());","        // init global","        local.global = local.modeJs === 'browser'","            ? window","            : global;","        // init utility2_rollup","        local = local.global.utility2_rollup || (local.modeJs === 'browser'","            ? local.global.utility2_npmtest_cordova_sqlite_storage","            : global.utility2_moduleExports);","        // export local","        local.global.local = local;","    }());","    switch (local.modeJs) {","","","","    // post-init","    // run browser js-env code - post-init","    /* istanbul ignore next */","    case 'browser':","        local.testRunBrowser = function (event) {","            if (!event || (event &&","                    event.currentTarget &&","                    event.currentTarget.className &&","                    event.currentTarget.className.includes &&","                    event.currentTarget.className.includes('onreset'))) {","                // reset output","                Array.from(","                    document.querySelectorAll('body > .resettable')","                ).forEach(function (element) {","                    switch (element.tagName) {","                    case 'INPUT':","                    case 'TEXTAREA':","                        element.value = '';","                        break;","                    default:","                        element.textContent = '';","                    }","                });","            }","            switch (event && event.currentTarget && event.currentTarget.id) {","            case 'testRunButton1':","                // show tests","                if (document.querySelector('#testReportDiv1').style.display === 'none') {","                    document.querySelector('#testReportDiv1').style.display = 'block';","                    document.querySelector('#testRunButton1').textContent =","                        'hide internal test';","                    local.modeTest = true;","                    local.testRunDefault(local);","                // hide tests","                } else {","                    document.querySelector('#testReportDiv1').style.display = 'none';","                    document.querySelector('#testRunButton1').textContent = 'run internal test';","                }","                break;","            // custom-case","            default:","                break;","            }","            if (document.querySelector('#inputTextareaEval1') && (!event || (event &&","                    event.currentTarget &&","                    event.currentTarget.className &&","                    event.currentTarget.className.includes &&","                    event.currentTarget.className.includes('oneval')))) {","                // try to eval input-code","                try {","                    /*jslint evil: true*/","                    eval(document.querySelector('#inputTextareaEval1').value);","                } catch (errorCaught) {","                    console.error(errorCaught);","                }","            }","        };","        // log stderr and stdout to #outputTextareaStdout1","        ['error', 'log'].forEach(function (key) {","            console[key + '_original'] = console[key];","            console[key] = function () {","                var element;","                console[key + '_original'].apply(console, arguments);","                element = document.querySelector('#outputTextareaStdout1');","                if (!element) {","                    return;","                }","                // append text to #outputTextareaStdout1","                element.value += Array.from(arguments).map(function (arg) {","                    return typeof arg === 'string'","                        ? arg","                        : JSON.stringify(arg, null, 4);","                }).join(' ') + '\\n';","                // scroll textarea to bottom","                element.scrollTop = element.scrollHeight;","            };","        });","        // init event-handling","        ['change', 'click', 'keyup'].forEach(function (event) {","            Array.from(document.querySelectorAll('.on' + event)).forEach(function (element) {","                element.addEventListener(event, local.testRunBrowser);","            });","        });","        // run tests","        local.testRunBrowser();","        break;","","","","    // run node js-env code - post-init","    /* istanbul ignore next */","    case 'node':","        // export local","        module.exports = local;","        // require modules","        local.fs = require('fs');","        local.http = require('http');","        local.url = require('url');","        // init assets","        local.assetsDict = local.assetsDict || {};","        /* jslint-ignore-begin */","        local.assetsDict['/assets.index.template.html'] = '\\","<!doctype html>\\n\\","<html lang=\"en\">\\n\\","<head>\\n\\","<meta charset=\"UTF-8\">\\n\\","<meta name=\"viewport\" content=\"width=device-width, initial-scale=1\">\\n\\","<title>{{env.npm_package_name}} (v{{env.npm_package_version}})</title>\\n\\","<style>\\n\\","/*csslint\\n\\","    box-sizing: false,\\n\\","    universal-selector: false\\n\\","*/\\n\\","* {\\n\\","    box-sizing: border-box;\\n\\","}\\n\\","body {\\n\\","    background: #dde;\\n\\","    font-family: Arial, Helvetica, sans-serif;\\n\\","    margin: 2rem;\\n\\","}\\n\\","body > * {\\n\\","    margin-bottom: 1rem;\\n\\","}\\n\\",".utility2FooterDiv {\\n\\","    margin-top: 20px;\\n\\","    text-align: center;\\n\\","}\\n\\","</style>\\n\\","<style>\\n\\","/*csslint\\n\\","*/\\n\\","textarea {\\n\\","    font-family: monospace;\\n\\","    height: 10rem;\\n\\","    width: 100%;\\n\\","}\\n\\","textarea[readonly] {\\n\\","    background: #ddd;\\n\\","}\\n\\","</style>\\n\\","</head>\\n\\","<body>\\n\\","<!-- utility2-comment\\n\\","<div id=\"ajaxProgressDiv1\" style=\"background: #d00; height: 2px; left: 0; margin: 0; padding: 0; position: fixed; top: 0; transition: background 0.5s, width 1.5s; width: 25%;\"></div>\\n\\","utility2-comment -->\\n\\","<h1>\\n\\","<!-- utility2-comment\\n\\","    <a\\n\\","        {{#if env.npm_package_homepage}}\\n\\","        href=\"{{env.npm_package_homepage}}\"\\n\\","        {{/if env.npm_package_homepage}}\\n\\","        target=\"_blank\"\\n\\","    >\\n\\","utility2-comment -->\\n\\","        {{env.npm_package_name}} (v{{env.npm_package_version}})\\n\\","<!-- utility2-comment\\n\\","    </a>\\n\\","utility2-comment -->\\n\\","</h1>\\n\\","<h3>{{env.npm_package_description}}</h3>\\n\\","<!-- utility2-comment\\n\\","<h4><a download href=\"assets.app.js\">download standalone app</a></h4>\\n\\","<button class=\"onclick onreset\" id=\"testRunButton1\">run internal test</button><br>\\n\\","<div id=\"testReportDiv1\" style=\"display: none;\"></div>\\n\\","utility2-comment -->\\n\\","\\n\\","\\n\\","\\n\\","<label>stderr and stdout</label>\\n\\","<textarea class=\"resettable\" id=\"outputTextareaStdout1\" readonly></textarea>\\n\\","<!-- utility2-comment\\n\\","{{#if isRollup}}\\n\\","<script src=\"assets.app.js\"></script>\\n\\","{{#unless isRollup}}\\n\\","utility2-comment -->\\n\\","<script src=\"assets.utility2.rollup.js\"></script>\\n\\","<script src=\"jsonp.utility2._stateInit?callback=window.utility2._stateInit\"></script>\\n\\","<script src=\"assets.npmtest_cordova_sqlite_storage.rollup.js\"></script>\\n\\","<script src=\"assets.example.js\"></script>\\n\\","<script src=\"assets.test.js\"></script>\\n\\","<!-- utility2-comment\\n\\","{{/if isRollup}}\\n\\","utility2-comment -->\\n\\","<div class=\"utility2FooterDiv\">\\n\\","    [ this app was created with\\n\\","    <a href=\"https://github.com/kaizhu256/node-utility2\" target=\"_blank\">utility2</a>\\n\\","    ]\\n\\","</div>\\n\\","</body>\\n\\","</html>\\n\\","';","        /* jslint-ignore-end */","        if (local.templateRender) {","            local.assetsDict['/'] = local.templateRender(","                local.assetsDict['/assets.index.template.html'],","                {","                    env: local.objectSetDefault(local.env, {","                        npm_package_description: 'the greatest app in the world!',","                        npm_package_name: 'my-app',","                        npm_package_nameAlias: 'my_app',","                        npm_package_version: '0.0.1'","                    })","                }","            );","        } else {","            local.assetsDict['/'] = local.assetsDict['/assets.index.template.html']","                .replace((/\\{\\{env\\.(\\w+?)\\}\\}/g), function (match0, match1) {","                    // jslint-hack","                    String(match0);","                    switch (match1) {","                    case 'npm_package_description':","                        return 'the greatest app in the world!';","                    case 'npm_package_name':","                        return 'my-app';","                    case 'npm_package_nameAlias':","                        return 'my_app';","                    case 'npm_package_version':","                        return '0.0.1';","                    }","                });","        }","        // run the cli","        if (local.global.utility2_rollup || module !== require.main) {","            break;","        }","        local.assetsDict['/assets.example.js'] =","            local.assetsDict['/assets.example.js'] ||","            local.fs.readFileSync(__filename, 'utf8');","        // bug-workaround - long $npm_package_buildCustomOrg","        /* jslint-ignore-begin */","        local.assetsDict['/assets.npmtest_cordova_sqlite_storage.rollup.js'] =","            local.assetsDict['/assets.npmtest_cordova_sqlite_storage.rollup.js'] ||","            local.fs.readFileSync(","                local.npmtest_cordova_sqlite_storage.__dirname + '/lib.npmtest_cordova_sqlite_storage.js',","                'utf8'","            ).replace((/^#!/), '//');","        /* jslint-ignore-end */","        local.assetsDict['/favicon.ico'] = local.assetsDict['/favicon.ico'] || '';","        // if $npm_config_timeout_exit exists,","        // then exit this process after $npm_config_timeout_exit ms","        if (Number(process.env.npm_config_timeout_exit)) {","            setTimeout(process.exit, Number(process.env.npm_config_timeout_exit));","        }","        // start server","        if (local.global.utility2_serverHttp1) {","            break;","        }","        process.env.PORT = process.env.PORT || '8081';","        console.error('server starting on port ' + process.env.PORT);","        local.http.createServer(function (request, response) {","            request.urlParsed = local.url.parse(request.url);","            if (local.assetsDict[request.urlParsed.pathname] !== undefined) {","                response.end(local.assetsDict[request.urlParsed.pathname]);","                return;","            }","            response.statusCode = 404;","            response.end();","        }).listen(process.env.PORT);","        break;","    }","}());",""],"l":{"26":2,"28":2,"33":2,"35":2,"37":2,"38":2,"39":2,"44":1,"51":2,"55":2,"59":2,"61":2,"69":1,"70":2,"76":2,"79":2,"82":2,"83":2,"85":1,"89":2,"92":1,"93":1,"94":1,"96":1,"97":1,"100":1,"101":1,"103":1,"106":1,"108":2,"114":1,"116":1,"118":1,"123":1,"124":2,"125":2,"126":3,"127":3,"128":3,"129":3,"130":1,"133":3,"134":3,"139":3,"143":1,"144":3,"145":1,"149":1,"150":1,"158":1,"160":1,"161":1,"162":1,"164":1,"166":1,"258":1,"259":1,"271":1,"274":6,"275":6,"277":1,"279":2,"281":1,"283":2,"288":1,"289":1,"291":1,"296":1,"303":1,"306":1,"307":1,"310":1,"311":1,"313":1,"314":1,"315":1,"316":1,"317":1,"318":1,"319":1,"321":1,"322":1,"324":1}},"/home/travis/build/npmtest/node-npmtest-cordova-sqlite-storage/node_modules/cordova-sqlite-storage/scripts/beforePluginInstall.js":{"path":"/home/travis/build/npmtest/node-npmtest-cordova-sqlite-storage/node_modules/cordova-sqlite-storage/scripts/beforePluginInstall.js","s":{"1":1,"2":1,"3":1,"4":1,"5":0,"6":0,"7":0,"8":0,"9":0,"10":0,"11":0,"12":0,"13":0,"14":0},"b":{"1":[0,0]},"f":{"1":0,"2":0},"fnMap":{"1":{"name":"(anonymous_1)","line":12,"loc":{"start":{"line":12,"column":17},"end":{"line":12,"column":36}}},"2":{"name":"(anonymous_2)","line":19,"loc":{"start":{"line":19,"column":12},"end":{"line":19,"column":45}}}},"statementMap":{"1":{"start":{"line":6,"column":0},"end":{"line":6,"column":27}},"2":{"start":{"line":7,"column":0},"end":{"line":7,"column":41}},"3":{"start":{"line":10,"column":0},"end":{"line":10,"column":44}},"4":{"start":{"line":12,"column":0},"end":{"line":32,"column":2}},"5":{"start":{"line":13,"column":4},"end":{"line":13,"column":46}},"6":{"start":{"line":14,"column":4},"end":{"line":14,"column":33}},"7":{"start":{"line":16,"column":4},"end":{"line":16,"column":60}},"8":{"start":{"line":18,"column":4},"end":{"line":29,"column":6}},"9":{"start":{"line":20,"column":16},"end":{"line":27,"column":17}},"10":{"start":{"line":22,"column":20},"end":{"line":22,"column":89}},"11":{"start":{"line":23,"column":20},"end":{"line":23,"column":39}},"12":{"start":{"line":25,"column":20},"end":{"line":25,"column":75}},"13":{"start":{"line":26,"column":20},"end":{"line":26,"column":39}},"14":{"start":{"line":31,"column":4},"end":{"line":31,"column":28}}},"branchMap":{"1":{"line":20,"type":"if","locations":[{"start":{"line":20,"column":16},"end":{"line":20,"column":16}},{"start":{"line":20,"column":16},"end":{"line":20,"column":16}}]}},"code":["//#!/usr/bin/env node","","// Adapted from:","// https://github.com/AllJoyn-Cordova/cordova-plugin-alljoyn/blob/master/scripts/beforePluginInstall.js","","var path = require('path');","var exec = require('child_process').exec;","","// XXX FUTURE TBD auto-detect:","var package_name = 'cordova-sqlite-storage';","","module.exports = function (context) {","    var Q = context.requireCordovaModule('q');","    var deferral = new Q.defer();","","    console.log('installing external dependencies via npm');","","    exec(   'npm install', {cwd: path.join('plugins', package_name)},","            function (error, stdout, stderr) {","                if (error !== null) {","                    // XXX TODO SIGNAL FAILURE HERE.","                    console.log('npm install of external dependencies failed: ' + error);","                    deferral.resolve();","                } else {","                    console.log('npm install of external dependencies ok');","                    deferral.resolve();","                }","            }","    );","","    return deferral.promise;","};",""],"l":{"6":1,"7":1,"10":1,"12":1,"13":0,"14":0,"16":0,"18":0,"20":0,"22":0,"23":0,"25":0,"26":0,"31":0}},"/home/travis/build/npmtest/node-npmtest-cordova-sqlite-storage/node_modules/cordova-sqlite-storage/scripts/prepareSpec.js":{"path":"/home/travis/build/npmtest/node-npmtest-cordova-sqlite-storage/node_modules/cordova-sqlite-storage/scripts/prepareSpec.js","s":{"1":2,"2":0,"3":0,"4":0,"5":0,"6":0,"7":0,"8":0},"b":{},"f":{},"fnMap":{},"statementMap":{"1":{"start":{"line":1,"column":0},"end":{"line":1,"column":26}},"2":{"start":{"line":3,"column":0},"end":{"line":3,"column":27}},"3":{"start":{"line":4,"column":0},"end":{"line":4,"column":26}},"4":{"start":{"line":5,"column":0},"end":{"line":5,"column":28}},"5":{"start":{"line":6,"column":0},"end":{"line":6,"column":22}},"6":{"start":{"line":7,"column":0},"end":{"line":7,"column":81}},"7":{"start":{"line":9,"column":0},"end":{"line":9,"column":11}},"8":{"start":{"line":11,"column":0},"end":{"line":11,"column":36}}},"branchMap":{},"code":["require('shelljs/global');","","rm('-rf', 'spec/myplugin');","rm('-rf', 'spec/plugins');","rm('-rf', 'spec/platforms');","mkdir('spec/myplugin')","cp('-R', 'package.json', 'plugin.xml', 'scripts', 'src', 'www', 'spec/myplugin');","","cd('spec');","","exec('cordova plugin add myplugin');",""],"l":{"1":2,"3":0,"4":0,"5":0,"6":0,"7":0,"9":0,"11":0}},"/home/travis/build/npmtest/node-npmtest-cordova-sqlite-storage/node_modules/cordova-sqlite-storage/www/SQLitePlugin.js":{"path":"/home/travis/build/npmtest/node-npmtest-cordova-sqlite-storage/node_modules/cordova-sqlite-storage/www/SQLitePlugin.js","s":{"1":2,"2":2,"3":2,"4":2,"5":2,"6":2,"7":2,"8":2,"9":0,"10":0,"11":0,"12":0,"13":0,"14":0,"15":0,"16":0,"17":0,"18":0,"19":0,"20":0,"21":0,"22":0,"23":0,"24":0,"25":2,"26":0,"27":0,"28":0,"29":0,"30":0,"31":0,"32":0,"33":0,"34":0,"35":0,"36":0,"37":0,"38":0,"39":0,"40":0,"41":0,"42":0,"43":0,"44":0,"45":0,"46":0,"47":0,"48":0,"49":0,"50":0,"51":0,"52":0,"53":0,"54":0,"55":0,"56":0,"57":0,"58":0,"59":0,"60":0,"61":0,"62":0,"63":0,"64":0,"65":0,"66":0,"67":0,"68":0,"69":0,"70":0,"71":0,"72":0,"73":0,"74":0,"75":0,"76":0,"77":0,"78":0,"79":0,"80":0,"81":0,"82":0,"83":0,"84":0,"85":0,"86":0,"87":0,"88":0,"89":0,"90":0,"91":0,"92":0,"93":0,"94":0,"95":0,"96":0,"97":0,"98":0,"99":0,"100":0,"101":0,"102":0,"103":0,"104":0,"105":0,"106":0,"107":0,"108":0,"109":0,"110":0,"111":0,"112":0,"113":0,"114":0,"115":0,"116":0,"117":0,"118":0,"119":0,"120":0,"121":0,"122":0,"123":0,"124":0,"125":0,"126":0,"127":0,"128":0,"129":0,"130":0,"131":0,"132":0,"133":0,"134":0,"135":0,"136":0,"137":0,"138":0,"139":0,"140":0,"141":0,"142":0,"143":0,"144":0,"145":0,"146":0,"147":0,"148":0,"149":0,"150":0,"151":0,"152":0,"153":0,"154":0,"155":0,"156":0,"157":0,"158":0,"159":0,"160":0,"161":0,"162":0,"163":0,"164":0,"165":0,"166":0,"167":0,"168":0,"169":0,"170":0,"171":0,"172":0,"173":0,"174":0,"175":0,"176":0,"177":0,"178":0,"179":0,"180":0,"181":0,"182":0,"183":0,"184":0,"185":0,"186":0,"187":0,"188":0,"189":0,"190":0,"191":0,"192":0,"193":0,"194":0,"195":0,"196":0,"197":0,"198":0,"199":0,"200":0,"201":0,"202":0,"203":0,"204":0,"205":0,"206":0,"207":0,"208":0,"209":0,"210":0,"211":0,"212":0,"213":0,"214":0,"215":0,"216":0,"217":0,"218":0,"219":0,"220":0,"221":0,"222":0,"223":0,"224":0,"225":0,"226":0,"227":0,"228":0,"229":0,"230":0,"231":0,"232":0,"233":0,"234":0,"235":0,"236":0,"237":0,"238":0,"239":0,"240":0,"241":0,"242":0,"243":0,"244":0,"245":0,"246":0,"247":0,"248":0,"249":0,"250":0,"251":0,"252":0,"253":0,"254":0,"255":0,"256":0,"257":0,"258":0,"259":0,"260":0,"261":0,"262":0,"263":0,"264":0,"265":0,"266":0,"267":0,"268":0,"269":0,"270":0,"271":0,"272":0,"273":0,"274":0,"275":0,"276":0,"277":0,"278":0,"279":0,"280":0,"281":0,"282":0,"283":0,"284":0,"285":0,"286":0,"287":0,"288":0,"289":0,"290":0,"291":0,"292":0,"293":0,"294":0,"295":0,"296":0,"297":0,"298":0,"299":0,"300":0,"301":0,"302":0,"303":0,"304":0,"305":0,"306":0,"307":0,"308":0,"309":0,"310":0,"311":0,"312":0,"313":0,"314":0,"315":0,"316":0,"317":0,"318":0,"319":0,"320":0,"321":0,"322":0,"323":0,"324":0,"325":0,"326":0,"327":0,"328":0,"329":0,"330":0,"331":0,"332":0,"333":0,"334":0,"335":0,"336":0,"337":0,"338":0,"339":0,"340":0,"341":0,"342":0,"343":0,"344":0,"345":0,"346":0,"347":0,"348":0,"349":0,"350":0,"351":0,"352":0,"353":0,"354":0,"355":0,"356":0,"357":0,"358":0,"359":0,"360":0,"361":0,"362":0,"363":0,"364":0,"365":0,"366":0,"367":0,"368":0,"369":0,"370":0,"371":0,"372":0,"373":0,"374":0,"375":0,"376":0,"377":0,"378":0,"379":0,"380":0,"381":0,"382":0,"383":0,"384":0,"385":0,"386":0,"387":0,"388":0,"389":0,"390":0,"391":0,"392":0,"393":0,"394":0,"395":0,"396":0,"397":0,"398":0,"399":0,"400":0,"401":0,"402":0,"403":0,"404":0,"405":0,"406":0,"407":0,"408":0,"409":0,"410":0,"411":0,"412":0,"413":0,"414":0,"415":0,"416":0,"417":0,"418":0,"419":0,"420":0,"421":0,"422":0,"423":0,"424":0,"425":0,"426":0,"427":0,"428":0,"429":0,"430":0,"431":0,"432":0,"433":0,"434":0,"435":0,"436":0,"437":0,"438":0,"439":0,"440":0,"441":0,"442":0,"443":0,"444":0,"445":0,"446":0,"447":0,"448":0,"449":0,"450":0,"451":0,"452":0,"453":0,"454":0,"455":0,"456":0,"457":0,"458":0,"459":0,"460":0,"461":0,"462":0,"463":0,"464":0,"465":0,"466":0,"467":0,"468":0,"469":0,"470":0,"471":0,"472":0,"473":0,"474":0,"475":0,"476":0,"477":0,"478":0,"479":0,"480":0,"481":0,"482":0,"483":0,"484":0,"485":0,"486":0,"487":0,"488":0,"489":0,"490":0,"491":0,"492":0,"493":0,"494":0},"b":{"1":[0,0],"2":[0,0],"3":[0,0],"4":[0,0],"5":[0,0],"6":[0,0],"7":[0,0],"8":[2,0],"9":[0,0],"10":[0,0],"11":[0,0],"12":[0,0],"13":[0,0],"14":[0,0],"15":[0,0],"16":[0,0],"17":[0,0],"18":[0,0],"19":[0,0],"20":[0,0],"21":[0,0],"22":[0,0],"23":[0,0],"24":[0,0],"25":[0,0],"26":[0,0],"27":[0,0],"28":[0,0],"29":[0,0],"30":[0,0],"31":[0,0],"32":[0,0],"33":[0,0,0],"34":[0,0],"35":[0,0],"36":[0,0],"37":[0,0],"38":[0,0],"39":[0,0],"40":[0,0],"41":[0,0],"42":[0,0],"43":[0,0],"44":[0,0],"45":[0,0],"46":[0,0],"47":[0,0],"48":[0,0],"49":[0,0],"50":[0,0],"51":[0,0],"52":[0,0],"53":[0,0],"54":[0,0],"55":[0,0],"56":[0,0],"57":[0,0],"58":[0,0],"59":[0,0],"60":[0,0],"61":[0,0],"62":[0,0],"63":[0,0],"64":[0,0],"65":[0,0],"66":[0,0],"67":[0,0],"68":[0,0],"69":[0,0],"70":[0,0],"71":[0,0],"72":[0,0],"73":[0,0],"74":[0,0],"75":[0,0],"76":[0,0],"77":[0,0],"78":[0,0],"79":[0,0],"80":[0,0],"81":[0,0],"82":[0,0],"83":[0,0],"84":[0,0],"85":[0,0],"86":[0,0],"87":[0,0],"88":[0,0],"89":[0,0],"90":[0,0],"91":[0,0],"92":[0,0],"93":[0,0,0],"94":[0,0],"95":[0,0],"96":[0,0],"97":[0,0],"98":[0,0],"99":[0,0],"100":[0,0],"101":[0,0],"102":[0,0],"103":[0,0],"104":[0,0],"105":[0,0],"106":[0,0],"107":[0,0],"108":[0,0],"109":[0,0],"110":[0,0],"111":[0,0],"112":[0,0],"113":[0,0,0],"114":[0,0],"115":[0,0],"116":[0,0],"117":[0,0],"118":[0,0],"119":[0,0],"120":[0,0],"121":[0,0],"122":[0,0],"123":[0,0],"124":[0,0],"125":[0,0],"126":[0,0],"127":[0,0],"128":[0,0],"129":[0,0],"130":[0,0],"131":[0,0],"132":[0,0],"133":[0,0],"134":[0,0],"135":[0,0],"136":[0,0],"137":[0,0],"138":[0,0],"139":[0,0],"140":[0,0],"141":[0,0],"142":[0,0],"143":[0,0],"144":[0,0],"145":[0,0],"146":[0,0],"147":[0,0],"148":[0,0]},"f":{"1":2,"2":0,"3":0,"4":0,"5":0,"6":0,"7":0,"8":0,"9":0,"10":0,"11":0,"12":0,"13":0,"14":0,"15":0,"16":0,"17":0,"18":0,"19":0,"20":0,"21":0,"22":0,"23":0,"24":0,"25":0,"26":0,"27":0,"28":0,"29":0,"30":0,"31":0,"32":0,"33":0,"34":0,"35":0,"36":0,"37":0,"38":0,"39":0,"40":0,"41":0,"42":0,"43":0,"44":0,"45":0,"46":0,"47":0,"48":0,"49":0,"50":0,"51":0,"52":0,"53":0,"54":0,"55":0,"56":0,"57":0,"58":0,"59":0,"60":0,"61":0,"62":0,"63":0,"64":0,"65":0,"66":0,"67":0,"68":0,"69":0,"70":0,"71":0,"72":0,"73":0,"74":0,"75":0,"76":0,"77":0,"78":0,"79":0,"80":0,"81":0,"82":0,"83":0,"84":0,"85":0,"86":0,"87":0,"88":0,"89":0,"90":0,"91":0,"92":0},"fnMap":{"1":{"name":"(anonymous_1)","line":1,"loc":{"start":{"line":1,"column":1},"end":{"line":1,"column":12}}},"2":{"name":"(anonymous_2)","line":14,"loc":{"start":{"line":14,"column":16},"end":{"line":14,"column":38}}},"3":{"name":"(anonymous_3)","line":38,"loc":{"start":{"line":38,"column":36},"end":{"line":38,"column":50}}},"4":{"name":"(anonymous_4)","line":48,"loc":{"start":{"line":48,"column":14},"end":{"line":48,"column":28}}},"5":{"name":"(anonymous_5)","line":49,"loc":{"start":{"line":49,"column":11},"end":{"line":49,"column":22}}},"6":{"name":"(anonymous_6)","line":65,"loc":{"start":{"line":65,"column":17},"end":{"line":65,"column":60}}},"7":{"name":"(anonymous_7)","line":78,"loc":{"start":{"line":78,"column":44},"end":{"line":78,"column":55}}},"8":{"name":"(anonymous_8)","line":81,"loc":{"start":{"line":81,"column":40},"end":{"line":81,"column":52}}},"9":{"name":"(anonymous_9)","line":93,"loc":{"start":{"line":93,"column":42},"end":{"line":93,"column":54}}},"10":{"name":"(anonymous_10)","line":112,"loc":{"start":{"line":112,"column":39},"end":{"line":112,"column":68}}},"11":{"name":"(anonymous_11)","line":120,"loc":{"start":{"line":120,"column":43},"end":{"line":120,"column":72}}},"12":{"name":"(anonymous_12)","line":128,"loc":{"start":{"line":128,"column":48},"end":{"line":128,"column":59}}},"13":{"name":"(anonymous_13)","line":131,"loc":{"start":{"line":131,"column":14},"end":{"line":131,"column":30}}},"14":{"name":"(anonymous_14)","line":132,"loc":{"start":{"line":132,"column":13},"end":{"line":132,"column":24}}},"15":{"name":"(anonymous_15)","line":150,"loc":{"start":{"line":150,"column":55},"end":{"line":150,"column":66}}},"16":{"name":"(anonymous_16)","line":164,"loc":{"start":{"line":164,"column":32},"end":{"line":164,"column":57}}},"17":{"name":"(anonymous_17)","line":168,"loc":{"start":{"line":168,"column":16},"end":{"line":168,"column":32}}},"18":{"name":"(anonymous_18)","line":169,"loc":{"start":{"line":169,"column":15},"end":{"line":169,"column":26}}},"19":{"name":"(anonymous_19)","line":175,"loc":{"start":{"line":175,"column":23},"end":{"line":175,"column":39}}},"20":{"name":"(anonymous_20)","line":176,"loc":{"start":{"line":176,"column":15},"end":{"line":176,"column":26}}},"21":{"name":"(anonymous_21)","line":194,"loc":{"start":{"line":194,"column":21},"end":{"line":194,"column":37}}},"22":{"name":"(anonymous_22)","line":195,"loc":{"start":{"line":195,"column":15},"end":{"line":195,"column":26}}},"23":{"name":"(anonymous_23)","line":209,"loc":{"start":{"line":209,"column":33},"end":{"line":209,"column":58}}},"24":{"name":"(anonymous_24)","line":231,"loc":{"start":{"line":231,"column":17},"end":{"line":231,"column":28}}},"25":{"name":"(anonymous_25)","line":238,"loc":{"start":{"line":238,"column":38},"end":{"line":238,"column":82}}},"26":{"name":"(anonymous_26)","line":240,"loc":{"start":{"line":240,"column":16},"end":{"line":240,"column":31}}},"27":{"name":"(anonymous_27)","line":245,"loc":{"start":{"line":245,"column":14},"end":{"line":245,"column":29}}},"28":{"name":"(anonymous_28)","line":250,"loc":{"start":{"line":250,"column":11},"end":{"line":250,"column":24}}},"29":{"name":"(anonymous_29)","line":256,"loc":{"start":{"line":256,"column":36},"end":{"line":256,"column":76}}},"30":{"name":"(anonymous_30)","line":279,"loc":{"start":{"line":279,"column":11},"end":{"line":279,"column":24}}},"31":{"name":"(anonymous_31)","line":291,"loc":{"start":{"line":291,"column":28},"end":{"line":291,"column":79}}},"32":{"name":"(anonymous_32)","line":310,"loc":{"start":{"line":310,"column":43},"end":{"line":310,"column":61}}},"33":{"name":"(anonymous_33)","line":318,"loc":{"start":{"line":318,"column":44},"end":{"line":318,"column":55}}},"34":{"name":"(anonymous_34)","line":333,"loc":{"start":{"line":333,"column":49},"end":{"line":333,"column":87}}},"35":{"name":"(anonymous_35)","line":350,"loc":{"start":{"line":350,"column":51},"end":{"line":350,"column":89}}},"36":{"name":"(anonymous_36)","line":369,"loc":{"start":{"line":369,"column":61},"end":{"line":369,"column":89}}},"37":{"name":"(anonymous_37)","line":377,"loc":{"start":{"line":377,"column":14},"end":{"line":377,"column":26}}},"38":{"name":"(anonymous_38)","line":388,"loc":{"start":{"line":388,"column":61},"end":{"line":388,"column":89}}},"39":{"name":"(anonymous_39)","line":397,"loc":{"start":{"line":397,"column":42},"end":{"line":397,"column":53}}},"40":{"name":"(anonymous_40)","line":405,"loc":{"start":{"line":405,"column":17},"end":{"line":405,"column":45}}},"41":{"name":"(anonymous_41)","line":406,"loc":{"start":{"line":406,"column":13},"end":{"line":406,"column":32}}},"42":{"name":"(anonymous_42)","line":447,"loc":{"start":{"line":447,"column":11},"end":{"line":447,"column":28}}},"43":{"name":"(anonymous_43)","line":471,"loc":{"start":{"line":471,"column":44},"end":{"line":471,"column":64}}},"44":{"name":"(anonymous_44)","line":477,"loc":{"start":{"line":477,"column":16},"end":{"line":477,"column":29}}},"45":{"name":"(anonymous_45)","line":484,"loc":{"start":{"line":484,"column":13},"end":{"line":484,"column":31}}},"46":{"name":"(anonymous_46)","line":500,"loc":{"start":{"line":500,"column":45},"end":{"line":500,"column":56}}},"47":{"name":"(anonymous_47)","line":506,"loc":{"start":{"line":506,"column":16},"end":{"line":506,"column":29}}},"48":{"name":"(anonymous_48)","line":513,"loc":{"start":{"line":513,"column":13},"end":{"line":513,"column":31}}},"49":{"name":"(anonymous_49)","line":529,"loc":{"start":{"line":529,"column":49},"end":{"line":529,"column":68}}},"50":{"name":"(anonymous_50)","line":551,"loc":{"start":{"line":551,"column":28},"end":{"line":551,"column":43}}},"51":{"name":"(anonymous_51)","line":593,"loc":{"start":{"line":593,"column":20},"end":{"line":593,"column":52}}},"52":{"name":"(anonymous_52)","line":626,"loc":{"start":{"line":626,"column":11},"end":{"line":626,"column":40}}},"53":{"name":"(anonymous_53)","line":630,"loc":{"start":{"line":630,"column":10},"end":{"line":630,"column":21}}},"54":{"name":"(anonymous_54)","line":632,"loc":{"start":{"line":632,"column":11},"end":{"line":632,"column":22}}},"55":{"name":"(anonymous_55)","line":636,"loc":{"start":{"line":636,"column":12},"end":{"line":636,"column":41}}},"56":{"name":"(anonymous_56)","line":640,"loc":{"start":{"line":640,"column":9},"end":{"line":640,"column":22}}},"57":{"name":"(anonymous_57)","line":643,"loc":{"start":{"line":643,"column":30},"end":{"line":643,"column":43}}},"58":{"name":"(anonymous_58)","line":644,"loc":{"start":{"line":644,"column":72},"end":{"line":644,"column":100}}},"59":{"name":"(anonymous_59)","line":661,"loc":{"start":{"line":661,"column":13},"end":{"line":661,"column":31}}},"60":{"name":"(anonymous_60)","line":664,"loc":{"start":{"line":664,"column":11},"end":{"line":664,"column":28}}},"61":{"name":"(anonymous_61)","line":666,"loc":{"start":{"line":666,"column":11},"end":{"line":666,"column":22}}},"62":{"name":"(anonymous_62)","line":674,"loc":{"start":{"line":674,"column":9},"end":{"line":674,"column":28}}},"63":{"name":"(anonymous_63)","line":678,"loc":{"start":{"line":678,"column":12},"end":{"line":678,"column":41}}},"64":{"name":"(anonymous_64)","line":682,"loc":{"start":{"line":682,"column":9},"end":{"line":682,"column":22}}},"65":{"name":"(anonymous_65)","line":683,"loc":{"start":{"line":683,"column":169},"end":{"line":683,"column":180}}},"66":{"name":"(anonymous_66)","line":686,"loc":{"start":{"line":686,"column":69},"end":{"line":686,"column":88}}},"67":{"name":"(anonymous_67)","line":712,"loc":{"start":{"line":712,"column":34},"end":{"line":712,"column":47}}},"68":{"name":"(anonymous_68)","line":714,"loc":{"start":{"line":714,"column":15},"end":{"line":714,"column":32}}},"69":{"name":"(anonymous_69)","line":716,"loc":{"start":{"line":716,"column":15},"end":{"line":716,"column":26}}},"70":{"name":"(anonymous_70)","line":719,"loc":{"start":{"line":719,"column":40},"end":{"line":719,"column":54}}},"71":{"name":"(anonymous_71)","line":720,"loc":{"start":{"line":720,"column":76},"end":{"line":720,"column":105}}},"72":{"name":"(anonymous_72)","line":744,"loc":{"start":{"line":744,"column":17},"end":{"line":744,"column":35}}},"73":{"name":"(anonymous_73)","line":746,"loc":{"start":{"line":746,"column":17},"end":{"line":746,"column":28}}},"74":{"name":"(anonymous_74)","line":751,"loc":{"start":{"line":751,"column":38},"end":{"line":751,"column":52}}},"75":{"name":"(anonymous_75)","line":754,"loc":{"start":{"line":754,"column":19},"end":{"line":754,"column":37}}},"76":{"name":"(anonymous_76)","line":756,"loc":{"start":{"line":756,"column":19},"end":{"line":756,"column":30}}},"77":{"name":"(anonymous_77)","line":759,"loc":{"start":{"line":759,"column":44},"end":{"line":759,"column":58}}},"78":{"name":"(anonymous_78)","line":760,"loc":{"start":{"line":760,"column":80},"end":{"line":760,"column":109}}},"79":{"name":"(anonymous_79)","line":784,"loc":{"start":{"line":784,"column":21},"end":{"line":784,"column":39}}},"80":{"name":"(anonymous_80)","line":786,"loc":{"start":{"line":786,"column":21},"end":{"line":786,"column":32}}},"81":{"name":"(anonymous_81)","line":791,"loc":{"start":{"line":791,"column":36},"end":{"line":791,"column":47}}},"82":{"name":"(anonymous_82)","line":795,"loc":{"start":{"line":795,"column":36},"end":{"line":795,"column":58}}},"83":{"name":"(anonymous_83)","line":798,"loc":{"start":{"line":798,"column":23},"end":{"line":798,"column":43}}},"84":{"name":"(anonymous_84)","line":805,"loc":{"start":{"line":805,"column":13},"end":{"line":805,"column":34}}},"85":{"name":"(anonymous_85)","line":808,"loc":{"start":{"line":808,"column":11},"end":{"line":808,"column":31}}},"86":{"name":"(anonymous_86)","line":811,"loc":{"start":{"line":811,"column":9},"end":{"line":811,"column":28}}},"87":{"name":"(anonymous_87)","line":815,"loc":{"start":{"line":815,"column":21},"end":{"line":815,"column":48}}},"88":{"name":"(anonymous_88)","line":819,"loc":{"start":{"line":819,"column":9},"end":{"line":819,"column":20}}},"89":{"name":"(anonymous_89)","line":821,"loc":{"start":{"line":821,"column":9},"end":{"line":821,"column":24}}},"90":{"name":"(anonymous_90)","line":831,"loc":{"start":{"line":831,"column":14},"end":{"line":831,"column":38}}},"91":{"name":"(anonymous_91)","line":833,"loc":{"start":{"line":833,"column":11},"end":{"line":833,"column":23}}},"92":{"name":"(anonymous_92)","line":840,"loc":{"start":{"line":840,"column":14},"end":{"line":840,"column":26}}}},"statementMap":{"1":{"start":{"line":1,"column":0},"end":{"line":854,"column":14}},"2":{"start":{"line":2,"column":2},"end":{"line":2,"column":194}},"3":{"start":{"line":4,"column":2},"end":{"line":4,"column":14}},"4":{"start":{"line":6,"column":2},"end":{"line":6,"column":90}},"5":{"start":{"line":8,"column":2},"end":{"line":8,"column":25}},"6":{"start":{"line":10,"column":2},"end":{"line":10,"column":25}},"7":{"start":{"line":12,"column":2},"end":{"line":12,"column":15}},"8":{"start":{"line":14,"column":2},"end":{"line":36,"column":4}},"9":{"start":{"line":15,"column":4},"end":{"line":15,"column":17}},"10":{"start":{"line":16,"column":4},"end":{"line":16,"column":21}},"11":{"start":{"line":17,"column":4},"end":{"line":19,"column":5}},"12":{"start":{"line":18,"column":6},"end":{"line":18,"column":15}},"13":{"start":{"line":20,"column":4},"end":{"line":23,"column":5}},"14":{"start":{"line":21,"column":6},"end":{"line":21,"column":77}},"15":{"start":{"line":22,"column":6},"end":{"line":22,"column":27}},"16":{"start":{"line":24,"column":4},"end":{"line":27,"column":5}},"17":{"start":{"line":25,"column":6},"end":{"line":25,"column":34}},"18":{"start":{"line":26,"column":6},"end":{"line":26,"column":27}},"19":{"start":{"line":28,"column":4},"end":{"line":30,"column":5}},"20":{"start":{"line":29,"column":6},"end":{"line":29,"column":27}},"21":{"start":{"line":31,"column":4},"end":{"line":34,"column":5}},"22":{"start":{"line":32,"column":6},"end":{"line":32,"column":89}},"23":{"start":{"line":33,"column":6},"end":{"line":33,"column":27}},"24":{"start":{"line":35,"column":4},"end":{"line":35,"column":20}},"25":{"start":{"line":38,"column":2},"end":{"line":40,"column":4}},"26":{"start":{"line":39,"column":4},"end":{"line":39,"column":30}},"27":{"start":{"line":48,"column":2},"end":{"line":63,"column":4}},"28":{"start":{"line":49,"column":4},"end":{"line":62,"column":6}},"29":{"start":{"line":50,"column":6},"end":{"line":50,"column":23}},"30":{"start":{"line":51,"column":6},"end":{"line":51,"column":29}},"31":{"start":{"line":52,"column":6},"end":{"line":61,"column":7}},"32":{"start":{"line":53,"column":8},"end":{"line":53,"column":18}},"33":{"start":{"line":54,"column":8},"end":{"line":54,"column":15}},"34":{"start":{"line":55,"column":8},"end":{"line":57,"column":9}},"35":{"start":{"line":56,"column":10},"end":{"line":56,"column":33}},"36":{"start":{"line":58,"column":8},"end":{"line":58,"column":36}},"37":{"start":{"line":60,"column":8},"end":{"line":60,"column":34}},"38":{"start":{"line":65,"column":2},"end":{"line":85,"column":4}},"39":{"start":{"line":66,"column":4},"end":{"line":66,"column":15}},"40":{"start":{"line":67,"column":4},"end":{"line":69,"column":5}},"41":{"start":{"line":68,"column":6},"end":{"line":68,"column":86}},"42":{"start":{"line":70,"column":4},"end":{"line":70,"column":27}},"43":{"start":{"line":71,"column":4},"end":{"line":73,"column":5}},"44":{"start":{"line":72,"column":6},"end":{"line":72,"column":72}},"45":{"start":{"line":74,"column":4},"end":{"line":74,"column":29}},"46":{"start":{"line":75,"column":4},"end":{"line":75,"column":25}},"47":{"start":{"line":76,"column":4},"end":{"line":76,"column":35}},"48":{"start":{"line":77,"column":4},"end":{"line":77,"column":31}},"49":{"start":{"line":78,"column":4},"end":{"line":80,"column":7}},"50":{"start":{"line":79,"column":6},"end":{"line":79,"column":42}},"51":{"start":{"line":81,"column":4},"end":{"line":83,"column":7}},"52":{"start":{"line":82,"column":6},"end":{"line":82,"column":29}},"53":{"start":{"line":84,"column":4},"end":{"line":84,"column":48}},"54":{"start":{"line":87,"column":2},"end":{"line":89,"column":4}},"55":{"start":{"line":91,"column":2},"end":{"line":91,"column":38}},"56":{"start":{"line":93,"column":2},"end":{"line":110,"column":4}},"57":{"start":{"line":94,"column":4},"end":{"line":99,"column":5}},"58":{"start":{"line":95,"column":6},"end":{"line":98,"column":8}},"59":{"start":{"line":100,"column":4},"end":{"line":100,"column":39}},"60":{"start":{"line":101,"column":4},"end":{"line":109,"column":5}},"61":{"start":{"line":102,"column":6},"end":{"line":102,"column":34}},"62":{"start":{"line":104,"column":6},"end":{"line":108,"column":7}},"63":{"start":{"line":105,"column":8},"end":{"line":105,"column":69}},"64":{"start":{"line":107,"column":8},"end":{"line":107,"column":104}},"65":{"start":{"line":112,"column":2},"end":{"line":118,"column":4}},"66":{"start":{"line":113,"column":4},"end":{"line":116,"column":5}},"67":{"start":{"line":114,"column":6},"end":{"line":114,"column":46}},"68":{"start":{"line":115,"column":6},"end":{"line":115,"column":13}},"69":{"start":{"line":117,"column":4},"end":{"line":117,"column":92}},"70":{"start":{"line":120,"column":2},"end":{"line":126,"column":4}},"71":{"start":{"line":121,"column":4},"end":{"line":124,"column":5}},"72":{"start":{"line":122,"column":6},"end":{"line":122,"column":46}},"73":{"start":{"line":123,"column":6},"end":{"line":123,"column":13}},"74":{"start":{"line":125,"column":4},"end":{"line":125,"column":92}},"75":{"start":{"line":128,"column":2},"end":{"line":148,"column":4}},"76":{"start":{"line":129,"column":4},"end":{"line":129,"column":13}},"77":{"start":{"line":130,"column":4},"end":{"line":130,"column":16}},"78":{"start":{"line":131,"column":4},"end":{"line":147,"column":14}},"79":{"start":{"line":132,"column":6},"end":{"line":146,"column":8}},"80":{"start":{"line":133,"column":8},"end":{"line":133,"column":19}},"81":{"start":{"line":134,"column":8},"end":{"line":137,"column":9}},"82":{"start":{"line":135,"column":10},"end":{"line":135,"column":74}},"83":{"start":{"line":136,"column":10},"end":{"line":136,"column":17}},"84":{"start":{"line":138,"column":8},"end":{"line":138,"column":38}},"85":{"start":{"line":139,"column":8},"end":{"line":145,"column":9}},"86":{"start":{"line":140,"column":10},"end":{"line":140,"column":84}},"87":{"start":{"line":141,"column":10},"end":{"line":141,"column":17}},"88":{"start":{"line":142,"column":15},"end":{"line":145,"column":9}},"89":{"start":{"line":143,"column":10},"end":{"line":143,"column":35}},"90":{"start":{"line":144,"column":10},"end":{"line":144,"column":39}},"91":{"start":{"line":150,"column":2},"end":{"line":162,"column":4}},"92":{"start":{"line":151,"column":4},"end":{"line":151,"column":33}},"93":{"start":{"line":152,"column":4},"end":{"line":152,"column":34}},"94":{"start":{"line":153,"column":4},"end":{"line":161,"column":5}},"95":{"start":{"line":154,"column":6},"end":{"line":154,"column":25}},"96":{"start":{"line":155,"column":6},"end":{"line":158,"column":7}},"97":{"start":{"line":156,"column":8},"end":{"line":156,"column":20}},"98":{"start":{"line":157,"column":8},"end":{"line":157,"column":62}},"99":{"start":{"line":159,"column":6},"end":{"line":159,"column":24}},"100":{"start":{"line":160,"column":6},"end":{"line":160,"column":32}},"101":{"start":{"line":164,"column":2},"end":{"line":207,"column":4}},"102":{"start":{"line":165,"column":4},"end":{"line":165,"column":35}},"103":{"start":{"line":166,"column":4},"end":{"line":206,"column":5}},"104":{"start":{"line":167,"column":6},"end":{"line":167,"column":59}},"105":{"start":{"line":168,"column":6},"end":{"line":172,"column":16}},"106":{"start":{"line":169,"column":8},"end":{"line":171,"column":10}},"107":{"start":{"line":170,"column":10},"end":{"line":170,"column":25}},"108":{"start":{"line":174,"column":6},"end":{"line":174,"column":51}},"109":{"start":{"line":175,"column":6},"end":{"line":193,"column":15}},"110":{"start":{"line":176,"column":8},"end":{"line":192,"column":10}},"111":{"start":{"line":177,"column":10},"end":{"line":177,"column":21}},"112":{"start":{"line":178,"column":10},"end":{"line":178,"column":66}},"113":{"start":{"line":179,"column":10},"end":{"line":181,"column":11}},"114":{"start":{"line":180,"column":12},"end":{"line":180,"column":69}},"115":{"start":{"line":182,"column":10},"end":{"line":184,"column":11}},"116":{"start":{"line":183,"column":12},"end":{"line":183,"column":56}},"117":{"start":{"line":185,"column":10},"end":{"line":187,"column":11}},"118":{"start":{"line":186,"column":12},"end":{"line":186,"column":27}},"119":{"start":{"line":188,"column":10},"end":{"line":188,"column":41}},"120":{"start":{"line":189,"column":10},"end":{"line":191,"column":11}},"121":{"start":{"line":190,"column":12},"end":{"line":190,"column":41}},"122":{"start":{"line":194,"column":6},"end":{"line":203,"column":15}},"123":{"start":{"line":195,"column":8},"end":{"line":202,"column":10}},"124":{"start":{"line":196,"column":10},"end":{"line":196,"column":103}},"125":{"start":{"line":
[...]
cess && typeof tx.success === 'function') {","        tx.success();","      }","    };","    failed = function(tx, err) {","      txLocks[tx.db.dbname].inProgress = false;","      tx.db.startNextTransaction();","      if (tx.error && typeof tx.error === 'function') {","        tx.error(newSQLError('error while trying to commit: ' + err.message, err.code));","      }","    };","    this.finalized = true;","    if (this.txlock) {","      this.addStatement(\"COMMIT\", [], succeeded, failed);","      this.run();","    } else {","      succeeded(tx);","    }","  };","","  SQLitePluginTransaction.prototype.abortFromQ = function(sqlerror) {","    if (this.error) {","      this.error(sqlerror);","    }","  };","","  dblocations = [\"docs\", \"libs\", \"nosync\"];","","  iosLocationMap = {","    'default': 'nosync',","    'Documents': 'docs',","    'Library': 'libs'","  };","","  SQLiteFactory = {","","    /*","    NOTE: this function should NOT be translated from Javascript","    back to CoffeeScript by js2coffee.","    If this function is edited in Javascript then someone will","    have to translate it back to CoffeeScript by hand.","     */","    openDatabase: argsArray(function(args) {","      var dblocation, errorcb, okcb, openargs;","      if (args.length < 1 || !args[0]) {","        throw newSQLError('Sorry missing mandatory open arguments object in openDatabase call');","      }","      if (args[0].constructor === String) {","        throw newSQLError('Sorry first openDatabase argument must be an object');","      }","      openargs = args[0];","      if (!openargs.name) {","        throw newSQLError('Database name value is missing in openDatabase call');","      }","      if (!openargs.iosDatabaseLocation && !openargs.location && openargs.location !== 0) {","        throw newSQLError('Database location or iosDatabaseLocation setting is now mandatory in openDatabase call.');","      }","      if (!!openargs.location && !!openargs.iosDatabaseLocation) {","        throw newSQLError('AMBIGUOUS: both location and iosDatabaseLocation settings are present in openDatabase call. Please use either setting, not both.');","      }","      dblocation = !!openargs.location && openargs.location === 'default' ? iosLocationMap['default'] : !!openargs.iosDatabaseLocation ? iosLocationMap[openargs.iosDatabaseLocation] : dblocations[openargs.location];","      if (!dblocation) {","        throw newSQLError('Valid iOS database location could not be determined in openDatabase call');","      }","      openargs.dblocation = dblocation;","      if (!!openargs.createFromLocation && openargs.createFromLocation === 1) {","        openargs.createFromResource = \"1\";","      }","      if (!!openargs.androidDatabaseImplementation && openargs.androidDatabaseImplementation === 2) {","        openargs.androidOldDatabaseImplementation = 1;","      }","      if (!!openargs.androidLockWorkaround && openargs.androidLockWorkaround === 1) {","        openargs.androidBugWorkaround = 1;","      }","      okcb = null;","      errorcb = null;","      if (args.length >= 2) {","        okcb = args[1];","        if (args.length > 2) {","          errorcb = args[2];","        }","      }","      return new SQLitePlugin(openargs, okcb, errorcb);","    }),","    deleteDatabase: function(first, success, error) {","      var args, dblocation, dbname;","      args = {};","      if (first.constructor === String) {","        throw newSQLError('Sorry first deleteDatabase argument must be an object');","      } else {","        if (!(first && first['name'])) {","          throw new Error(\"Please specify db name\");","        }","        dbname = first.name;","        if (typeof dbname !== 'string') {","          throw newSQLError('delete database name must be a string');","        }","        args.path = dbname;","      }","      if (!first.iosDatabaseLocation && !first.location && first.location !== 0) {","        throw newSQLError('Database location or iosDatabaseLocation setting is now mandatory in deleteDatabase call.');","      }","      if (!!first.location && !!first.iosDatabaseLocation) {","        throw newSQLError('AMBIGUOUS: both location and iosDatabaseLocation settings are present in deleteDatabase call. Please use either setting value, not both.');","      }","      dblocation = !!first.location && first.location === 'default' ? iosLocationMap['default'] : !!first.iosDatabaseLocation ? iosLocationMap[first.iosDatabaseLocation] : dblocations[first.location];","      if (!dblocation) {","        throw newSQLError('Valid iOS database location could not be determined in deleteDatabase call');","      }","      args.dblocation = dblocation;","      delete SQLitePlugin.prototype.openDBs[args.path];","      return cordova.exec(success, error, \"SQLitePlugin\", \"delete\", [args]);","    }","  };","","  SelfTest = {","    DBNAME: '___$$$___litehelpers___$$$___test___$$$___.db',","    start: function(successcb, errorcb) {","      SQLiteFactory.deleteDatabase({","        name: SelfTest.DBNAME,","        location: 'default'","      }, (function() {","        return SelfTest.start2(successcb, errorcb);","      }), (function() {","        return SelfTest.start2(successcb, errorcb);","      }));","    },","    start2: function(successcb, errorcb) {","      SQLiteFactory.openDatabase({","        name: SelfTest.DBNAME,","        location: 'default'","      }, function(db) {","        var check1;","        check1 = false;","        return db.transaction(function(tx) {","          return tx.executeSql('SELECT UPPER(\"Test\") AS upperText', [], function(ignored, resutSet) {","            if (!resutSet.rows) {","              return SelfTest.finishWithError(errorcb, 'Missing resutSet.rows');","            }","            if (!resutSet.rows.length) {","              return SelfTest.finishWithError(errorcb, 'Missing resutSet.rows.length');","            }","            if (resutSet.rows.length !== 1) {","              return SelfTest.finishWithError(errorcb, \"Incorrect resutSet.rows.length value: \" + resutSet.rows.length + \" (expected: 1)\");","            }","            if (!resutSet.rows.item(0).upperText) {","              return SelfTest.finishWithError(errorcb, 'Missing resutSet.rows.item(0).upperText');","            }","            if (resutSet.rows.item(0).upperText !== 'TEST') {","              return SelfTest.finishWithError(errorcb, \"Incorrect resutSet.rows.item(0).upperText value: \" + (resutSet.rows.item(0).data) + \" (expected: 'TEST')\");","            }","            check1 = true;","          }, function(sql_err) {","            SelfTest.finishWithError(errorcb, \"SQL error: \" + sql_err);","          });","        }, function(tx_err) {","          SelfTest.finishWithError(errorcb, \"TRANSACTION error: \" + tx_err);","        }, function() {","          if (!check1) {","            return SelfTest.finishWithError(errorcb, 'Did not get expected upperText result data');","          }","          delete db.openDBs[SelfTest.DBNAME];","          delete txLocks[SelfTest.DBNAME];","          SelfTest.start3(successcb, errorcb);","        });","      }, function(open_err) {","        return SelfTest.finishWithError(errorcb, \"Open database error: \" + open_err);","      });","    },","    start3: function(successcb, errorcb) {","      SQLiteFactory.openDatabase({","        name: SelfTest.DBNAME,","        location: 'default'","      }, function(db) {","        return db.sqlBatch(['CREATE TABLE TestTable(id integer primary key autoincrement unique, data);', ['INSERT INTO TestTable (data) VALUES (?);', ['test-value']]], function() {","          var firstid;","          firstid = -1;","          return db.executeSql('SELECT id, data FROM TestTable', [], function(resutSet) {","            if (!resutSet.rows) {","              SelfTest.finishWithError(errorcb, 'Missing resutSet.rows');","              return;","            }","            if (!resutSet.rows.length) {","              SelfTest.finishWithError(errorcb, 'Missing resutSet.rows.length');","              return;","            }","            if (resutSet.rows.length !== 1) {","              SelfTest.finishWithError(errorcb, \"Incorrect resutSet.rows.length value: \" + resutSet.rows.length + \" (expected: 1)\");","              return;","            }","            if (resutSet.rows.item(0).id === void 0) {","              SelfTest.finishWithError(errorcb, 'Missing resutSet.rows.item(0).id');","              return;","            }","            firstid = resutSet.rows.item(0).id;","            if (!resutSet.rows.item(0).data) {","              SelfTest.finishWithError(errorcb, 'Missing resutSet.rows.item(0).data');","              return;","            }","            if (resutSet.rows.item(0).data !== 'test-value') {","              SelfTest.finishWithError(errorcb, \"Incorrect resutSet.rows.item(0).data value: \" + (resutSet.rows.item(0).data) + \" (expected: 'test-value')\");","              return;","            }","            return db.transaction(function(tx) {","              return tx.executeSql('UPDATE TestTable SET data = ?', ['new-value']);","            }, function(tx_err) {","              return SelfTest.finishWithError(errorcb, \"UPDATE transaction error: \" + tx_err);","            }, function() {","              var readTransactionFinished;","              readTransactionFinished = false;","              return db.readTransaction(function(tx2) {","                return tx2.executeSql('SELECT id, data FROM TestTable', [], function(ignored, resutSet2) {","                  if (!resutSet2.rows) {","                    throw newSQLError('Missing resutSet2.rows');","                  }","                  if (!resutSet2.rows.length) {","                    throw newSQLError('Missing resutSet2.rows.length');","                  }","                  if (resutSet2.rows.length !== 1) {","                    throw newSQLError(\"Incorrect resutSet2.rows.length value: \" + resutSet2.rows.length + \" (expected: 1)\");","                  }","                  if (!resutSet2.rows.item(0).id) {","                    throw newSQLError('Missing resutSet2.rows.item(0).id');","                  }","                  if (resutSet2.rows.item(0).id !== firstid) {","                    throw newSQLError(\"resutSet2.rows.item(0).id value \" + (resutSet2.rows.item(0).id) + \" does not match previous primary key id value (\" + firstid + \")\");","                  }","                  if (!resutSet2.rows.item(0).data) {","                    throw newSQLError('Missing resutSet2.rows.item(0).data');","                  }","                  if (resutSet2.rows.item(0).data !== 'new-value') {","                    throw newSQLError(\"Incorrect resutSet2.rows.item(0).data value: \" + (resutSet2.rows.item(0).data) + \" (expected: 'test-value')\");","                  }","                  return readTransactionFinished = true;","                });","              }, function(tx2_err) {","                return SelfTest.finishWithError(errorcb, \"readTransaction error: \" + tx2_err);","              }, function() {","                if (!readTransactionFinished) {","                  SelfTest.finishWithError(errorcb, 'readTransaction did not finish');","                  return;","                }","                return db.transaction(function(tx3) {","                  tx3.executeSql('DELETE FROM TestTable');","                  return tx3.executeSql('INSERT INTO TestTable (data) VALUES(?)', [123]);","                }, function(tx3_err) {","                  return SelfTest.finishWithError(errorcb, \"DELETE transaction error: \" + tx3_err);","                }, function() {","                  var secondReadTransactionFinished;","                  secondReadTransactionFinished = false;","                  return db.readTransaction(function(tx4) {","                    return tx4.executeSql('SELECT id, data FROM TestTable', [], function(ignored, resutSet3) {","                      if (!resutSet3.rows) {","                        throw newSQLError('Missing resutSet3.rows');","                      }","                      if (!resutSet3.rows.length) {","                        throw newSQLError('Missing resutSet3.rows.length');","                      }","                      if (resutSet3.rows.length !== 1) {","                        throw newSQLError(\"Incorrect resutSet3.rows.length value: \" + resutSet3.rows.length + \" (expected: 1)\");","                      }","                      if (!resutSet3.rows.item(0).id) {","                        throw newSQLError('Missing resutSet3.rows.item(0).id');","                      }","                      if (resutSet3.rows.item(0).id === firstid) {","                        throw newSQLError(\"resutSet3.rows.item(0).id value \" + (resutSet3.rows.item(0).id) + \" incorrectly matches previous unique key id value value (\" + firstid + \")\");","                      }","                      if (!resutSet3.rows.item(0).data) {","                        throw newSQLError('Missing resutSet3.rows.item(0).data');","                      }","                      if (resutSet3.rows.item(0).data !== 123) {","                        throw newSQLError(\"Incorrect resutSet3.rows.item(0).data value: \" + (resutSet3.rows.item(0).data) + \" (expected 123)\");","                      }","                      return secondReadTransactionFinished = true;","                    });","                  }, function(tx4_err) {","                    return SelfTest.finishWithError(errorcb, \"second readTransaction error: \" + tx4_err);","                  }, function() {","                    if (!secondReadTransactionFinished) {","                      SelfTest.finishWithError(errorcb, 'second readTransaction did not finish');","                      return;","                    }","                    return db.close(function() {","                      return SQLiteFactory.deleteDatabase({","                        name: SelfTest.DBNAME,","                        location: 'default'","                      }, successcb, function(cleanup_err) {","                        return SelfTest.finishWithError(errorcb, \"Cleanup error: \" + cleanup_err);","                      });","                    }, function(close_err) {","                      return SelfTest.finishWithError(errorcb, \"close error: \" + close_err);","                    });","                  });","                });","              });","            });","          }, function(select_err) {","            return SelfTest.finishWithError(errorcb, \"SELECT error: \" + select_err);","          });","        }, function(batch_err) {","          return SelfTest.finishWithError(errorcb, \"sql batch error: \" + batch_err);","        });","      }, function(open_err) {","        return SelfTest.finishWithError(errorcb, \"Open database error: \" + open_err);","      });","    },","    finishWithError: function(errorcb, message) {","      SQLiteFactory.deleteDatabase({","        name: SelfTest.DBNAME,","        location: 'default'","      }, function() {","        return errorcb(newSQLError(message));","      }, function(err2) {","        return errorcb(newSQLError(\"Cleanup error: \" + err2 + \" for error: \" + message));","      });","    }","  };","","  root.sqlitePlugin = {","    sqliteFeatures: {","      isSQLitePlugin: true","    },","    echoTest: function(okcb, errorcb) {","      var error, ok;","      ok = function(s) {","        if (s === 'test-string') {","          return okcb();","        } else {","          return errorcb(\"Mismatch: got: '\" + s + \"' expected 'test-string'\");","        }","      };","      error = function(e) {","        return errorcb(e);","      };","      return cordova.exec(ok, error, \"SQLitePlugin\", \"echoStringValue\", [","        {","          value: 'test-string'","        }","      ]);","    },","    selfTest: SelfTest.start,","    openDatabase: SQLiteFactory.openDatabase,","    deleteDatabase: SQLiteFactory.deleteDatabase","  };","","}).call(this);",""],"l":{"1":2,"2":2,"4":2,"6":2,"8":2,"10":2,"12":2,"14":2,"15":0,"16":0,"17":0,"18":0,"20":0,"21":0,"22":0,"24":0,"25":0,"26":0,"28":0,"29":0,"31":0,"32":0,"33":0,"35":0,"38":2,"39":0,"48":0,"49":0,"50":0,"51":0,"52":0,"53":0,"54":0,"55":0,"56":0,"58":0,"60":0,"65":0,"66":0,"67":0,"68":0,"70":0,"71":0,"72":0,"74":0,"75":0,"76":0,"77":0,"78":0,"79":0,"81":0,"82":0,"84":0,"87":0,"91":0,"93":0,"94":0,"95":0,"100":0,"101":0,"102":0,"104":0,"105":0,"107":0,"112":0,"113":0,"114":0,"115":0,"117":0,"120":0,"121":0,"122":0,"123":0,"125":0,"128":0,"129":0,"130":0,"131":0,"132":0,"133":0,"134":0,"135":0,"136":0,"138":0,"139":0,"140":0,"141":0,"142":0,"143":0,"144":0,"150":0,"151":0,"152":0,"153":0,"154":0,"155":0,"156":0,"157":0,"159":0,"160":0,"164":0,"165":0,"166":0,"167":0,"168":0,"169":0,"170":0,"174":0,"175":0,"176":0,"177":0,"178":0,"179":0,"180":0,"182":0,"183":0,"185":0,"186":0,"188":0,"189":0,"190":0,"194":0,"195":0,"196":0,"197":0,"198":0,"200":0,"201":0,"204":0,"205":0,"209":0,"210":0,"211":0,"212":0,"213":0,"214":0,"216":0,"217":0,"218":0,"219":0,"221":0,"223":0,"229":0,"230":0,"231":0,"232":0,"238":0,"239":0,"240":0,"241":0,"242":0,"245":0,"246":0,"247":0,"250":0,"251":0,"253":0,"256":0,"257":0,"258":0,"259":0,"261":0,"262":0,"263":0,"264":0,"265":0,"266":0,"268":0,"273":0,"279":0,"280":0,"281":0,"282":0,"283":0,"284":0,"286":0,"288":0,"291":0,"292":0,"300":0,"302":0,"303":0,"304":0,"305":0,"306":0,"307":0,"308":0,"309":0,"310":0,"311":0,"314":0,"318":0,"319":0,"320":0,"321":0,"322":0,"324":0,"325":0,"326":0,"327":0,"328":0,"333":0,"334":0,"335":0,"339":0,"341":0,"342":0,"345":0,"347":0,"350":0,"351":0,"352":0,"353":0,"354":0,"355":0,"356":0,"357":0,"358":0,"361":0,"369":0,"370":0,"371":0,"372":0,"374":0,"375":0,"378":0,"385":0,"388":0,"389":0,"390":0,"392":0,"393":0,"397":0,"398":0,"399":0,"400":0,"401":0,"402":0,"403":0,"404":0,"405":0,"406":0,"407":0,"408":0,"409":0,"410":0,"411":0,"413":0,"416":0,"417":0,"420":0,"421":0,"422":0,"423":0,"424":0,"425":0,"427":0,"432":0,"433":0,"434":0,"435":0,"436":0,"440":0,"445":0,"447":0,"448":0,"449":0,"450":0,"451":0,"452":0,"453":0,"454":0,"455":0,"456":0,"461":0,"471":0,"472":0,"473":0,"474":0,"476":0,"477":0,"478":0,"479":0,"480":0,"481":0,"484":0,"485":0,"486":0,"487":0,"488":0,"491":0,"492":0,"493":0,"494":0,"496":0,"500":0,"501":0,"502":0,"503":0,"505":0,"506":0,"507":0,"508":0,"509":0,"510":0,"513":0,"514":0,"515":0,"516":0,"517":0,"520":0,"521":0,"522":0,"523":0,"525":0,"529":0,"530":0,"531":0,"535":0,"537":0,"543":0,"552":0,"553":0,"554":0,"556":0,"557":0,"559":0,"560":0,"561":0,"563":0,"564":0,"566":0,"567":0,"569":0,"570":0,"571":0,"573":0,"574":0,"575":0,"577":0,"578":0,"580":0,"581":0,"583":0,"584":0,"585":0,"586":0,"587":0,"588":0,"591":0,"594":0,"595":0,"596":0,"597":0,"599":0,"600":0,"602":0,"603":0,"604":0,"606":0,"608":0,"609":0,"611":0,"612":0,"614":0,"615":0,"616":0,"618":0,"619":0,"620":0,"624":0,"627":0,"631":0,"633":0,"637":0,"641":0,"642":0,"643":0,"644":0,"645":0,"646":0,"648":0,"649":0,"651":0,"652":0,"654":0,"655":0,"657":0,"658":0,"660":0,"662":0,"665":0,"667":0,"668":0,"670":0,"671":0,"672":0,"675":0,"679":0,"683":0,"684":0,"685":0,"686":0,"687":0,"688":0,"689":0,"691":0,"692":0,"693":0,"695":0,"696":0,"697":0,"699":0,"700":0,"701":0,"703":0,"704":0,"705":0,"706":0,"708":0,"709":0,"710":0,"712":0,"713":0,"715":0,"717":0,"718":0,"719":0,"720":0,"721":0,"722":0,"724":0,"725":0,"727":0,"728":0,"730":0,"731":0,"733":0,"734":0,"736":0,"737":0,"739":0,"740":0,"742":0,"745":0,"747":0,"748":0,"749":0,"751":0,"752":0,"753":0,"755":0,"757":0,"758":0,"759":0,"760":0,"761":0,"762":0,"764":0,"765":0,"767":0,"768":0,"770":0,"771":0,"773":0,"774":0,"776":0,"777":0,"779":0,"780":0,"782":0,"785":0,"787":0,"788":0,"789":0,"791":0,"792":0,"796":0,"799":0,"806":0,"809":0,"812":0,"816":0,"820":0,"822":0,"827":0,"832":0,"833":0,"834":0,"835":0,"837":0,"840":0,"841":0,"843":0}}}